<?xml version="1.0" encoding="UTF-8"?>
<!-- Generated by org.testng.reporters.JUnitXMLReporter -->
<testsuite ignored="0" hostname="FX505DT-FX505DT" failures="0" tests="30" name="Regression Test on Chrome" time="337.97" errors="0" timestamp="2025-09-20T14:18:17 GMT+07:00">
  <testcase classname="automation.testsuite.MayRuaChenBat_Test" name="filterByDiscount_checkList" time="5.643"/>
  <testcase classname="automation.testsuite.MayRuaChenBat_Test" name="filterByMaxPrice_checkList" time="5.651"/>
  <testcase classname="automation.testsuite.MayRuaChenBat_Test" name="filterByMinPrice_checkList" time="5.669"/>
  <testcase classname="automation.testsuite.MayRuaChenBat_Test" name="searchByBranchAndOriginAndQuantity_checklist" time="12.946"/>
  <testcase classname="automation.testsuite.MayRuaChenBat_Test" name="searchByBranchAndOrigin_checklist" time="8.777"/>
  <testcase classname="automation.testsuite.MayRuaChenBat_Test" name="searchByBranchAndPriceAndOriginAndQuantity_checklist" time="12.658"/>
  <testcase classname="automation.testsuite.MayRuaChenBat_Test" name="searchByBranchAndPriceAndOrigin_checklist" time="9.533"/>
  <testcase classname="automation.testsuite.MayRuaChenBat_Test" name="searchByBranchAndPriceAndQuantity_checklist" time="9.499"/>
  <testcase classname="automation.testsuite.MayRuaChenBat_Test" name="searchByBranchAndPrice_checklist" time="3.496"/>
  <testcase classname="automation.testsuite.MayRuaChenBat_Test" name="searchByBranchAndQuantity_checklist" time="5.5"/>
  <testcase classname="automation.testsuite.MayRuaChenBat_Test" name="searchByBranch_checkItemInList" time="0.264"/>
  <testcase classname="automation.testsuite.MayRuaChenBat_Test" name="searchByOriginAndQuantity_checklist" time="12.049"/>
  <testcase classname="automation.testsuite.MayRuaChenBat_Test" name="searchByOrigin_checkItemInList" time="5.452"/>
  <testcase classname="automation.testsuite.MayRuaChenBat_Test" name="searchByPriceAndOriginAndQuantity_checklist" time="7.445"/>
  <testcase classname="automation.testsuite.MayRuaChenBat_Test" name="searchByPriceAndOrigin_checklist" time="6.353"/>
  <testcase classname="automation.testsuite.MayRuaChenBat_Test" name="searchByPriceAndQuantity_checklist" time="6.395"/>
  <testcase classname="automation.testsuite.MayRuaChenBat_Test" name="searchByPrice_checkItemInList" time="0.887"/>
  <testcase classname="automation.testsuite.MayRuaChenBat_Test" name="searchByQuantity_checkItemInList" time="3.615"/>
  <testcase classname="automation.testsuite.MayRuaChenBat_Test" name="viewDetailsAProduct_checkProduct" time="0.927"/>
  <testcase classname="automation.testsuite.MayRuaChenBatDetails_Test" name="buyInstallment_Failed_With_Empty_Address" time="0.527"/>
  <testcase classname="automation.testsuite.MayRuaChenBatDetails_Test" name="buyInstallment_Failed_With_Empty_Name" time="0.49"/>
  <testcase classname="automation.testsuite.MayRuaChenBatDetails_Test" name="buyInstallment_Failed_With_Empty_Phone" time="0.465"/>
  <testcase classname="automation.testsuite.MayRuaChenBatDetails_Test" name="checkBuyInstallments_openPopup" time="0.123"/>
  <testcase classname="automation.testsuite.MayRuaChenBatDetails_Test" name="checkSurveyInDetails_openPopup" time="0.142"/>
  <testcase classname="automation.testsuite.MayRuaChenBatDetails_Test" name="receiveConsult_Failed_With_Empty_Address" time="0.602"/>
  <testcase classname="automation.testsuite.MayRuaChenBatDetails_Test" name="receiveConsult_Failed_With_Empty_Name" time="0.498"/>
  <testcase classname="automation.testsuite.MayRuaChenBatDetails_Test" name="receiveConsult_Failed_With_Empty_Phone" time="0.494"/>
  <testcase classname="automation.testsuite.MayRuaChenBatCheckout_Tests" name="payment_Failed_With_Empty_Address" time="0.453"/>
  <testcase classname="automation.testsuite.MayRuaChenBatCheckout_Tests" name="payment_Failed_With_Empty_Name" time="0.529"/>
  <testcase classname="automation.testsuite.MayRuaChenBatCheckout_Tests" name="payment_Failed_With_Empty_Phone" time="0.518"/>
</testsuite> <!-- Regression Test on Chrome -->
