<?xml version="1.0" encoding="UTF-8"?>
<!-- Generated by org.testng.reporters.JUnitXMLReporter -->
<testsuite ignored="0" hostname="FX505DT-FX505DT" failures="1" tests="31" name="Regression Test on Firefox" time="484.303" errors="0" timestamp="2025-09-21T21:31:28 GMT+07:00">
  <testcase classname="automation.testsuite.MayRuaChenBat_Test" name="filterByDiscount_checkList" time="3.551"/>
  <testcase classname="automation.testsuite.MayRuaChenBat_Test" name="filterByMaxPrice_checkList" time="3.617"/>
  <testcase classname="automation.testsuite.MayRuaChenBat_Test" name="filterByMinPrice_checkList" time="3.318"/>
  <testcase classname="automation.testsuite.MayRuaChenBat_Test" name="searchByBranchAndOriginAndQuantity_checklist" time="11.53"/>
  <testcase classname="automation.testsuite.MayRuaChenBat_Test" name="searchByBranchAndOrigin_checklist" time="7.444"/>
  <testcase classname="automation.testsuite.MayRuaChenBat_Test" name="searchByBranchAndPriceAndOriginAndQuantity_checklist" time="10.181"/>
  <testcase classname="automation.testsuite.MayRuaChenBat_Test" name="searchByBranchAndPriceAndOrigin_checklist" time="7.158"/>
  <testcase classname="automation.testsuite.MayRuaChenBat_Test" name="searchByBranchAndPriceAndQuantity_checklist" time="7.083"/>
  <testcase classname="automation.testsuite.MayRuaChenBat_Test" name="searchByBranchAndPrice_checklist" time="3.364"/>
  <testcase classname="automation.testsuite.MayRuaChenBat_Test" name="searchByBranchAndQuantity_checklist" time="6.378"/>
  <testcase classname="automation.testsuite.MayRuaChenBat_Test" name="searchByBranch_checkItemInList" time="3.109"/>
  <testcase classname="automation.testsuite.MayRuaChenBat_Test" name="searchByOriginAndQuantity_checklist" time="9.625"/>
  <testcase classname="automation.testsuite.MayRuaChenBat_Test" name="searchByOrigin_checkItemInList" time="6.5"/>
  <testcase classname="automation.testsuite.MayRuaChenBat_Test" name="searchByPriceAndOriginAndQuantity_checklist" time="9.253"/>
  <testcase classname="automation.testsuite.MayRuaChenBat_Test" name="searchByPriceAndOrigin_checklist" time="6.994"/>
  <testcase classname="automation.testsuite.MayRuaChenBat_Test" name="searchByPriceAndQuantity_checklist" time="7.19"/>
  <testcase classname="automation.testsuite.MayRuaChenBat_Test" name="searchByPrice_checkItemInList" time="0.893">
    <failure type="java.lang.AssertionError" message="expected [true] but found [false]">
      <![CDATA[java.lang.AssertionError: expected [true] but found [false]
at automation.testsuite.MayRuaChenBat_Test.searchByPrice_checkItemInList(MayRuaChenBat_Test.java:49)
at java.base/java.util.ArrayList.forEach(ArrayList.java:1597)
... Removed 29 stack frames]]>
    </failure>
  </testcase> <!-- searchByPrice_checkItemInList -->
  <testcase classname="automation.testsuite.MayRuaChenBat_Test" name="searchByQuantity_checkItemInList" time="6.398"/>
  <testcase classname="automation.testsuite.MayRuaChenBat_Test" name="viewDetailsAProduct_checkProduct" time="2.732"/>
  <testcase classname="automation.testsuite.MayRuaChenBatDetails_Test" name="buyInstallment_Failed_With_Empty_Address" time="0.353"/>
  <testcase classname="automation.testsuite.MayRuaChenBatDetails_Test" name="buyInstallment_Failed_With_Empty_Name" time="0.453"/>
  <testcase classname="automation.testsuite.MayRuaChenBatDetails_Test" name="buyInstallment_Failed_With_Empty_Phone" time="0.342"/>
  <testcase classname="automation.testsuite.MayRuaChenBatDetails_Test" name="buyNow_checkElement" time="3.239"/>
  <testcase classname="automation.testsuite.MayRuaChenBatDetails_Test" name="checkBuyInstallments_openPopup" time="0.093"/>
  <testcase classname="automation.testsuite.MayRuaChenBatDetails_Test" name="checkSurveyInDetails_openPopup" time="0.131"/>
  <testcase classname="automation.testsuite.MayRuaChenBatDetails_Test" name="receiveConsult_Failed_With_Empty_Address" time="0.681"/>
  <testcase classname="automation.testsuite.MayRuaChenBatDetails_Test" name="receiveConsult_Failed_With_Empty_Name" time="0.538"/>
  <testcase classname="automation.testsuite.MayRuaChenBatDetails_Test" name="receiveConsult_Failed_With_Empty_Phone" time="0.452"/>
  <testcase classname="automation.testsuite.MayRuaChenBatCheckout_Tests" name="payment_Failed_With_Empty_Address" time="0.291"/>
  <testcase classname="automation.testsuite.MayRuaChenBatCheckout_Tests" name="payment_Failed_With_Empty_Name" time="0.272"/>
  <testcase classname="automation.testsuite.MayRuaChenBatCheckout_Tests" name="payment_Failed_With_Empty_Phone" time="0.3"/>
</testsuite> <!-- Regression Test on Firefox -->
