<?xml version="1.0" encoding="UTF-8"?>
<!-- Generated by org.testng.reporters.JUnitXMLReporter -->
<testsuite ignored="7" hostname="FX505DT-FX505DT" failures="0" tests="1" name="Default test" time="6.453" errors="0" timestamp="2025-09-17T23:29:02 GMT+07:00">
  <testcase classname="automation.testsuite.MayRuaChenBat_Test" name="searchByBranch" time="0.116"/>
  <testcase classname="automation.testsuite.MayRuaChenBat_Test" name="filterByDiscount" time="0.0">
    <ignored/>
  </testcase> <!-- filterByDiscount -->
  <testcase classname="automation.testsuite.MayRuaChenBat_Test" name="filterByMaxPrice" time="0.0">
    <ignored/>
  </testcase> <!-- filterByMaxPrice -->
  <testcase classname="automation.testsuite.MayRuaChenBat_Test" name="searchByPrice" time="0.0">
    <ignored/>
  </testcase> <!-- searchByPrice -->
  <testcase classname="automation.testsuite.MayRuaChenBat_Test" name="viewDetailsAProduct" time="0.0">
    <ignored/>
  </testcase> <!-- viewDetailsAProduct -->
  <testcase classname="automation.testsuite.MayRuaChenBat_Test" name="searchByOrigin" time="0.0">
    <ignored/>
  </testcase> <!-- searchByOrigin -->
  <testcase classname="automation.testsuite.MayRuaChenBat_Test" name="searchByQuantity" time="0.0">
    <ignored/>
  </testcase> <!-- searchByQuantity -->
  <testcase classname="automation.testsuite.MayRuaChenBat_Test" name="filterByMinPrice" time="0.0">
    <ignored/>
  </testcase> <!-- filterByMinPrice -->
</testsuite> <!-- Default test -->
