<?xml version="1.0" encoding="UTF-8"?>
<!-- Generated by org.testng.reporters.JUnitXMLReporter -->
<testsuite ignored="10" hostname="DESKTOP-KPS8173" failures="0" tests="1" name="Default test" time="6.736" errors="0" timestamp="2025-09-20T03:39:33 ICT">
  <testcase classname="automation.testsuite.Testsuite_test" name="handleDetailProduct" time="2.36"/>
  <testcase classname="automation.testsuite.Testsuite_test" name="clickFilterKichThuoc" time="0.0">
    <ignored/>
  </testcase> <!-- clickFilterKichThuoc -->
  <testcase classname="automation.testsuite.Testsuite_test" name="clickFilterCongSuat" time="0.0">
    <ignored/>
  </testcase> <!-- clickFilterCongSuat -->
  <testcase classname="automation.testsuite.Testsuite_test" name="viewList" time="0.0">
    <ignored/>
  </testcase> <!-- viewList -->
  <testcase classname="automation.testsuite.Testsuite_test" name="clickTabGiaCao" time="0.0">
    <ignored/>
  </testcase> <!-- clickTabGiaCao -->
  <testcase classname="automation.testsuite.Testsuite_test" name="clickFilterDanhMuc" time="0.0">
    <ignored/>
  </testcase> <!-- clickFilterDanhMuc -->
  <testcase classname="automation.testsuite.Testsuite_test" name="clickGiamGiaNhieu" time="0.0">
    <ignored/>
  </testcase> <!-- clickGiamGiaNhieu -->
  <testcase classname="automation.testsuite.Testsuite_test" name="clickFilterMucGia" time="0.0">
    <ignored/>
  </testcase> <!-- clickFilterMucGia -->
  <testcase classname="automation.testsuite.Testsuite_test" name="clickTabGiaThap" time="0.0">
    <ignored/>
  </testcase> <!-- clickTabGiaThap -->
  <testcase classname="automation.testsuite.Testsuite_test" name="clickFilterXuatXu" time="0.0">
    <ignored/>
  </testcase> <!-- clickFilterXuatXu -->
  <testcase classname="automation.testsuite.Testsuite_test" name="clickFilterHangSX" time="0.0">
    <ignored/>
  </testcase> <!-- clickFilterHangSX -->
</testsuite> <!-- Default test -->
