<?xml version="1.0" encoding="UTF-8"?>
<testng-results ignored="0" total="90" passed="85" failed="5" skipped="0">
  <reporter-output>
  </reporter-output>
  <suite started-at="2025-09-20T14:12:39 GMT+07:00" name="TestSuite" finished-at="2025-09-20T14:33:36 GMT+07:00" duration-ms="1256829">
    <groups>
    </groups>
    <test started-at="2025-09-20T14:12:39 GMT+07:00" name="Regression Test on Chrome" finished-at="2025-09-20T14:18:17 GMT+07:00" duration-ms="337970">
      <class name="automation.testsuite.MayRuaChenBatCheckout_Tests">
        <test-method is-config="true" signature="initProcess(java.lang.String)[pri:0, instance:automation.testsuite.MayRuaChenBatCheckout_Tests@313b2ea6]" started-at="2025-09-20T14:17:39 GMT+07:00" name="initProcess" finished-at="2025-09-20T14:17:50 GMT+07:00" duration-ms="11469" status="PASS">
          <params>
            <param index="0">
              <value>
                <![CDATA[chrome]]>
              </value>
            </param>
          </params>
          <reporter-output>
          </reporter-output>
        </test-method> <!-- initProcess -->
        <test-method signature="payment_Failed_With_Empty_Address()[pri:0, instance:automation.testsuite.MayRuaChenBatCheckout_Tests@313b2ea6]" started-at="2025-09-20T14:17:50 GMT+07:00" name="payment_Failed_With_Empty_Address" finished-at="2025-09-20T14:17:51 GMT+07:00" duration-ms="453" status="PASS">
          <reporter-output>
          </reporter-output>
        </test-method> <!-- payment_Failed_With_Empty_Address -->
        <test-method is-config="true" signature="endProcess()[pri:0, instance:automation.testsuite.MayRuaChenBatCheckout_Tests@313b2ea6]" started-at="2025-09-20T14:17:51 GMT+07:00" name="endProcess" finished-at="2025-09-20T14:17:52 GMT+07:00" duration-ms="1760" status="PASS">
          <reporter-output>
          </reporter-output>
        </test-method> <!-- endProcess -->
        <test-method is-config="true" signature="initProcess(java.lang.String)[pri:0, instance:automation.testsuite.MayRuaChenBatCheckout_Tests@313b2ea6]" started-at="2025-09-20T14:17:52 GMT+07:00" name="initProcess" finished-at="2025-09-20T14:18:04 GMT+07:00" duration-ms="11812" status="PASS">
          <params>
            <param index="0">
              <value>
                <![CDATA[chrome]]>
              </value>
            </param>
          </params>
          <reporter-output>
          </reporter-output>
        </test-method> <!-- initProcess -->
        <test-method signature="payment_Failed_With_Empty_Name()[pri:0, instance:automation.testsuite.MayRuaChenBatCheckout_Tests@313b2ea6]" started-at="2025-09-20T14:18:04 GMT+07:00" name="payment_Failed_With_Empty_Name" finished-at="2025-09-20T14:18:05 GMT+07:00" duration-ms="529" status="PASS">
          <reporter-output>
          </reporter-output>
        </test-method> <!-- payment_Failed_With_Empty_Name -->
        <test-method is-config="true" signature="endProcess()[pri:0, instance:automation.testsuite.MayRuaChenBatCheckout_Tests@313b2ea6]" started-at="2025-09-20T14:18:05 GMT+07:00" name="endProcess" finished-at="2025-09-20T14:18:05 GMT+07:00" duration-ms="232" status="PASS">
          <reporter-output>
          </reporter-output>
        </test-method> <!-- endProcess -->
        <test-method is-config="true" signature="initProcess(java.lang.String)[pri:0, instance:automation.testsuite.MayRuaChenBatCheckout_Tests@313b2ea6]" started-at="2025-09-20T14:18:05 GMT+07:00" name="initProcess" finished-at="2025-09-20T14:18:17 GMT+07:00" duration-ms="11603" status="PASS">
          <params>
            <param index="0">
              <value>
                <![CDATA[chrome]]>
              </value>
            </param>
          </params>
          <reporter-output>
          </reporter-output>
        </test-method> <!-- initProcess -->
        <test-method signature="payment_Failed_With_Empty_Phone()[pri:0, instance:automation.testsuite.MayRuaChenBatCheckout_Tests@313b2ea6]" started-at="2025-09-20T14:18:17 GMT+07:00" name="payment_Failed_With_Empty_Phone" finished-at="2025-09-20T14:18:17 GMT+07:00" duration-ms="518" status="PASS">
          <reporter-output>
          </reporter-output>
        </test-method> <!-- payment_Failed_With_Empty_Phone -->
        <test-method is-config="true" signature="endProcess()[pri:0, instance:automation.testsuite.MayRuaChenBatCheckout_Tests@313b2ea6]" started-at="2025-09-20T14:18:17 GMT+07:00" name="endProcess" finished-at="2025-09-20T14:18:17 GMT+07:00" duration-ms="232" status="PASS">
          <reporter-output>
          </reporter-output>
        </test-method> <!-- endProcess -->
      </class> <!-- automation.testsuite.MayRuaChenBatCheckout_Tests -->
      <class name="automation.testsuite.MayRuaChenBat_Test">
        <test-method is-config="true" signature="initBrowser(java.lang.String)[pri:0, instance:automation.testsuite.MayRuaChenBat_Test@20d525]" started-at="2025-09-20T14:12:39 GMT+07:00" name="initBrowser" finished-at="2025-09-20T14:12:46 GMT+07:00" duration-ms="6896" status="PASS">
          <params>
            <param index="0">
              <value>
                <![CDATA[chrome]]>
              </value>
            </param>
          </params>
          <reporter-output>
          </reporter-output>
        </test-method> <!-- initBrowser -->
        <test-method signature="filterByDiscount_checkList()[pri:0, instance:automation.testsuite.MayRuaChenBat_Test@20d525]" started-at="2025-09-20T14:12:46 GMT+07:00" name="filterByDiscount_checkList" finished-at="2025-09-20T14:12:52 GMT+07:00" duration-ms="5643" status="PASS">
          <reporter-output>
          </reporter-output>
        </test-method> <!-- filterByDiscount_checkList -->
        <test-method is-config="true" signature="endBrowser()[pri:0, instance:automation.testsuite.MayRuaChenBat_Test@20d525]" started-at="2025-09-20T14:12:52 GMT+07:00" name="endBrowser" finished-at="2025-09-20T14:12:52 GMT+07:00" duration-ms="231" status="PASS">
          <reporter-output>
          </reporter-output>
        </test-method> <!-- endBrowser -->
        <test-method is-config="true" signature="initBrowser(java.lang.String)[pri:0, instance:automation.testsuite.MayRuaChenBat_Test@20d525]" started-at="2025-09-20T14:12:52 GMT+07:00" name="initBrowser" finished-at="2025-09-20T14:12:57 GMT+07:00" duration-ms="5190" status="PASS">
          <params>
            <param index="0">
              <value>
                <![CDATA[chrome]]>
              </value>
            </param>
          </params>
          <reporter-output>
          </reporter-output>
        </test-method> <!-- initBrowser -->
        <test-method signature="filterByMaxPrice_checkList()[pri:0, instance:automation.testsuite.MayRuaChenBat_Test@20d525]" started-at="2025-09-20T14:12:57 GMT+07:00" name="filterByMaxPrice_checkList" finished-at="2025-09-20T14:13:03 GMT+07:00" duration-ms="5651" status="PASS">
          <reporter-output>
          </reporter-output>
        </test-method> <!-- filterByMaxPrice_checkList -->
        <test-method is-config="true" signature="endBrowser()[pri:0, instance:automation.testsuite.MayRuaChenBat_Test@20d525]" started-at="2025-09-20T14:13:03 GMT+07:00" name="endBrowser" finished-at="2025-09-20T14:13:03 GMT+07:00" duration-ms="234" status="PASS">
          <reporter-output>
          </reporter-output>
        </test-method> <!-- endBrowser -->
        <test-method is-config="true" signature="initBrowser(java.lang.String)[pri:0, instance:automation.testsuite.MayRuaChenBat_Test@20d525]" started-at="2025-09-20T14:13:03 GMT+07:00" name="initBrowser" finished-at="2025-09-20T14:13:08 GMT+07:00" duration-ms="4867" status="PASS">
          <params>
            <param index="0">
              <value>
                <![CDATA[chrome]]>
              </value>
            </param>
          </params>
          <reporter-output>
          </reporter-output>
        </test-method> <!-- initBrowser -->
        <test-method signature="filterByMinPrice_checkList()[pri:0, instance:automation.testsuite.MayRuaChenBat_Test@20d525]" started-at="2025-09-20T14:13:08 GMT+07:00" name="filterByMinPrice_checkList" finished-at="2025-09-20T14:13:14 GMT+07:00" duration-ms="5669" status="PASS">
          <reporter-output>
          </reporter-output>
        </test-method> <!-- filterByMinPrice_checkList -->
        <test-method is-config="true" signature="endBrowser()[pri:0, instance:automation.testsuite.MayRuaChenBat_Test@20d525]" started-at="2025-09-20T14:13:14 GMT+07:00" name="endBrowser" finished-at="2025-09-20T14:13:14 GMT+07:00" duration-ms="223" status="PASS">
          <reporter-output>
          </reporter-output>
        </test-method> <!-- endBrowser -->
        <test-method is-config="true" signature="initBrowser(java.lang.String)[pri:0, instance:automation.testsuite.MayRuaChenBat_Test@20d525]" started-at="2025-09-20T14:13:14 GMT+07:00" name="initBrowser" finished-at="2025-09-20T14:13:19 GMT+07:00" duration-ms="4694" status="PASS">
          <params>
            <param index="0">
              <value>
                <![CDATA[chrome]]>
              </value>
            </param>
          </params>
          <reporter-output>
          </reporter-output>
        </test-method> <!-- initBrowser -->
        <test-method signature="searchByBranchAndOriginAndQuantity_checklist()[pri:0, instance:automation.testsuite.MayRuaChenBat_Test@20d525]" started-at="2025-09-20T14:13:19 GMT+07:00" name="searchByBranchAndOriginAndQuantity_checklist" finished-at="2025-09-20T14:13:32 GMT+07:00" duration-ms="12946" status="PASS">
          <reporter-output>
          </reporter-output>
        </test-method> <!-- searchByBranchAndOriginAndQuantity_checklist -->
        <test-method is-config="true" signature="endBrowser()[pri:0, instance:automation.testsuite.MayRuaChenBat_Test@20d525]" started-at="2025-09-20T14:13:32 GMT+07:00" name="endBrowser" finished-at="2025-09-20T14:13:32 GMT+07:00" duration-ms="265" status="PASS">
          <reporter-output>
          </reporter-output>
        </test-method> <!-- endBrowser -->
        <test-method is-config="true" signature="initBrowser(java.lang.String)[pri:0, instance:automation.testsuite.MayRuaChenBat_Test@20d525]" started-at="2025-09-20T14:13:32 GMT+07:00" name="initBrowser" finished-at="2025-09-20T14:13:37 GMT+07:00" duration-ms="4633" status="PASS">
          <params>
            <param index="0">
              <value>
                <![CDATA[chrome]]>
              </value>
            </param>
          </params>
          <reporter-output>
          </reporter-output>
        </test-method> <!-- initBrowser -->
        <test-method signature="searchByBranchAndOrigin_checklist()[pri:0, instance:automation.testsuite.MayRuaChenBat_Test@20d525]" started-at="2025-09-20T14:13:37 GMT+07:00" name="searchByBranchAndOrigin_checklist" finished-at="2025-09-20T14:13:45 GMT+07:00" duration-ms="8777" status="PASS">
          <reporter-output>
          </reporter-output>
        </test-method> <!-- searchByBranchAndOrigin_checklist -->
        <test-method is-config="true" signature="endBrowser()[pri:0, instance:automation.testsuite.MayRuaChenBat_Test@20d525]" started-at="2025-09-20T14:13:45 GMT+07:00" name="endBrowser" finished-at="2025-09-20T14:13:46 GMT+07:00" duration-ms="238" status="PASS">
          <reporter-output>
          </reporter-output>
        </test-method> <!-- endBrowser -->
        <test-method is-config="true" signature="initBrowser(java.lang.String)[pri:0, instance:automation.testsuite.MayRuaChenBat_Test@20d525]" started-at="2025-09-20T14:13:46 GMT+07:00" name="initBrowser" finished-at="2025-09-20T14:13:50 GMT+07:00" duration-ms="4706" status="PASS">
          <params>
            <param index="0">
              <value>
                <![CDATA[chrome]]>
              </value>
            </param>
          </params>
          <reporter-output>
          </reporter-output>
        </test-method> <!-- initBrowser -->
        <test-method signature="searchByBranchAndPriceAndOriginAndQuantity_checklist()[pri:0, instance:automation.testsuite.MayRuaChenBat_Test@20d525]" started-at="2025-09-20T14:13:50 GMT+07:00" name="searchByBranchAndPriceAndOriginAndQuantity_checklist" finished-at="2025-09-20T14:14:03 GMT+07:00" duration-ms="12658" status="PASS">
          <reporter-output>
          </reporter-output>
        </test-method> <!-- searchByBranchAndPriceAndOriginAndQuantity_checklist -->
        <test-method is-config="true" signature="endBrowser()[pri:0, instance:automation.testsuite.MayRuaChenBat_Test@20d525]" started-at="2025-09-20T14:14:03 GMT+07:00" name="endBrowser" finished-at="2025-09-20T14:14:03 GMT+07:00" duration-ms="237" status="PASS">
          <reporter-output>
          </reporter-output>
        </test-method> <!-- endBrowser -->
        <test-method is-config="true" signature="initBrowser(java.lang.String)[pri:0, instance:automation.testsuite.MayRuaChenBat_Test@20d525]" started-at="2025-09-20T14:14:03 GMT+07:00" name="initBrowser" finished-at="2025-09-20T14:14:08 GMT+07:00" duration-ms="4648" status="PASS">
          <params>
            <param index="0">
              <value>
                <![CDATA[chrome]]>
              </value>
            </param>
          </params>
          <reporter-output>
          </reporter-output>
        </test-method> <!-- initBrowser -->
        <test-method signature="searchByBranchAndPriceAndOrigin_checklist()[pri:0, instance:automation.testsuite.MayRuaChenBat_Test@20d525]" started-at="2025-09-20T14:14:08 GMT+07:00" name="searchByBranchAndPriceAndOrigin_checklist" finished-at="2025-09-20T14:14:17 GMT+07:00" duration-ms="9533" status="PASS">
          <reporter-output>
          </reporter-output>
        </test-method> <!-- searchByBranchAndPriceAndOrigin_checklist -->
        <test-method is-config="true" signature="endBrowser()[pri:0, instance:automation.testsuite.MayRuaChenBat_Test@20d525]" started-at="2025-09-20T14:14:17 GMT+07:00" name="endBrowser" finished-at="2025-09-20T14:14:18 GMT+07:00" duration-ms="255" status="PASS">
          <reporter-output>
          </reporter-output>
        </test-method> <!-- endBrowser -->
        <test-method is-config="true" signature="initBrowser(java.lang.String)[pri:0, instance:automation.testsuite.MayRuaChenBat_Test@20d525]" started-at="2025-09-20T14:14:18 GMT+07:00" name="initBrowser" finished-at="2025-09-20T14:14:22 GMT+07:00" duration-ms="4642" status="PASS">
          <params>
            <param index="0">
              <value>
                <![CDATA[chrome]]>
              </value>
            </param>
          </params>
          <reporter-output>
          </reporter-output>
        </test-method> <!-- initBrowser -->
        <test-method signature="searchByBranchAndPriceAndQuantity_checklist()[pri:0, instance:automation.testsuite.MayRuaChenBat_Test@20d525]" started-at="2025-09-20T14:14:22 GMT+07:00" name="searchByBranchAndPriceAndQuantity_checklist" finished-at="2025-09-20T14:14:32 GMT+07:00" duration-ms="9499" status="PASS">
          <reporter-output>
          </reporter-output>
        </test-method> <!-- searchByBranchAndPriceAndQuantity_checklist -->
        <test-method is-config="true" signature="endBrowser()[pri:0, instance:automation.testsuite.MayRuaChenBat_Test@20d525]" started-at="2025-09-20T14:14:32 GMT+07:00" name="endBrowser" finished-at="2025-09-20T14:14:32 GMT+07:00" duration-ms="245" status="PASS">
          <reporter-output>
          </reporter-output>
        </test-method> <!-- endBrowser -->
        <test-method is-config="true" signature="initBrowser(java.lang.String)[pri:0, instance:automation.testsuite.MayRuaChenBat_Test@20d525]" started-at="2025-09-20T14:14:32 GMT+07:00" name="initBrowser" finished-at="2025-09-20T14:14:37 GMT+07:00" duration-ms="4586" status="PASS">
          <params>
            <param index="0">
              <value>
                <![CDATA[chrome]]>
              </value>
            </param>
          </params>
          <reporter-output>
          </reporter-output>
        </test-method> <!-- initBrowser -->
        <test-method signature="searchByBranchAndPrice_checklist()[pri:0, instance:automation.testsuite.MayRuaChenBat_Test@20d525]" started-at="2025-09-20T14:14:37 GMT+07:00" name="searchByBranchAndPrice_checklist" finished-at="2025-09-20T14:14:40 GMT+07:00" duration-ms="3496" status="PASS">
          <reporter-output>
          </reporter-output>
        </test-method> <!-- searchByBranchAndPrice_checklist -->
        <test-method is-config="true" signature="endBrowser()[pri:0, instance:automation.testsuite.MayRuaChenBat_Test@20d525]" started-at="2025-09-20T14:14:40 GMT+07:00" name="endBrowser" finished-at="2025-09-20T14:14:40 GMT+07:00" duration-ms="209" status="PASS">
          <reporter-output>
          </reporter-output>
        </test-method> <!-- endBrowser -->
        <test-method is-config="true" signature="initBrowser(java.lang.String)[pri:0, instance:automation.testsuite.MayRuaChenBat_Test@20d525]" started-at="2025-09-20T14:14:40 GMT+07:00" name="initBrowser" finished-at="2025-09-20T14:14:45 GMT+07:00" duration-ms="4537" status="PASS">
          <params>
            <param index="0">
              <value>
                <![CDATA[chrome]]>
              </value>
            </param>
          </params>
          <reporter-output>
          </reporter-output>
        </test-method> <!-- initBrowser -->
        <test-method signature="searchByBranchAndQuantity_checklist()[pri:0, instance:automation.testsuite.MayRuaChenBat_Test@20d525]" started-at="2025-09-20T14:14:45 GMT+07:00" name="searchByBranchAndQuantity_checklist" finished-at="2025-09-20T14:14:50 GMT+07:00" duration-ms="5500" status="PASS">
          <reporter-output>
          </reporter-output>
        </test-method> <!-- searchByBranchAndQuantity_checklist -->
        <test-method is-config="true" signature="endBrowser()[pri:0, instance:automation.testsuite.MayRuaChenBat_Test@20d525]" started-at="2025-09-20T14:14:50 GMT+07:00" name="endBrowser" finished-at="2025-09-20T14:14:50 GMT+07:00" duration-ms="194" status="PASS">
          <reporter-output>
          </reporter-output>
        </test-method> <!-- endBrowser -->
        <test-method is-config="true" signature="initBrowser(java.lang.String)[pri:0, instance:automation.testsuite.MayRuaChenBat_Test@20d525]" started-at="2025-09-20T14:14:50 GMT+07:00" name="initBrowser" finished-at="2025-09-20T14:14:55 GMT+07:00" duration-ms="4694" status="PASS">
          <params>
            <param index="0">
              <value>
                <![CDATA[chrome]]>
              </value>
            </param>
          </params>
          <reporter-output>
          </reporter-output>
        </test-method> <!-- initBrowser -->
        <test-method signature="searchByBranch_checkItemInList()[pri:0, instance:automation.testsuite.MayRuaChenBat_Test@20d525]" started-at="2025-09-20T14:14:55 GMT+07:00" name="searchByBranch_checkItemInList" finished-at="2025-09-20T14:14:55 GMT+07:00" duration-ms="264" status="PASS">
          <reporter-output>
          </reporter-output>
        </test-method> <!-- searchByBranch_checkItemInList -->
        <test-method is-config="true" signature="endBrowser()[pri:0, instance:automation.testsuite.MayRuaChenBat_Test@20d525]" started-at="2025-09-20T14:14:55 GMT+07:00" name="endBrowser" finished-at="2025-09-20T14:14:56 GMT+07:00" duration-ms="217" status="PASS">
          <reporter-output>
          </reporter-output>
        </test-method> <!-- endBrowser -->
        <test-method is-config="true" signature="initBrowser(java.lang.String)[pri:0, instance:automation.testsuite.MayRuaChenBat_Test@20d525]" started-at="2025-09-20T14:14:56 GMT+07:00" name="initBrowser" finished-at="2025-09-20T14:15:00 GMT+07:00" duration-ms="4480" status="PASS">
          <params>
            <param index="0">
              <value>
                <![CDATA[chrome]]>
              </value>
            </param>
          </params>
          <reporter-output>
          </reporter-output>
        </test-method> <!-- initBrowser -->
        <test-method signature="searchByOriginAndQuantity_checklist()[pri:0, instance:automation.testsuite.MayRuaChenBat_Test@20d525]" started-at="2025-09-20T14:15:00 GMT+07:00" name="searchByOriginAndQuantity_checklist" finished-at="2025-09-20T14:15:12 GMT+07:00" duration-ms="12049" status="PASS">
          <reporter-output>
          </reporter-output>
        </test-method> <!-- searchByOriginAndQuantity_checklist -->
        <test-method is-config="true" signature="endBrowser()[pri:0, instance:automation.testsuite.MayRuaChenBat_Test@20d525]" started-at="2025-09-20T14:15:12 GMT+07:00" name="endBrowser" finished-at="2025-09-20T14:15:12 GMT+07:00" duration-ms="242" status="PASS">
          <reporter-output>
          </reporter-output>
        </test-method> <!-- endBrowser -->
        <test-method is-config="true" signature="initBrowser(java.lang.String)[pri:0, instance:automation.testsuite.MayRuaChenBat_Test@20d525]" started-at="2025-09-20T14:15:12 GMT+07:00" name="initBrowser" finished-at="2025-09-20T14:15:17 GMT+07:00" duration-ms="4741" status="PASS">
          <params>
            <param index="0">
              <value>
                <![CDATA[chrome]]>
              </value>
            </param>
          </params>
          <reporter-output>
          </reporter-output>
        </test-method> <!-- initBrowser -->
        <test-method signature="searchByOrigin_checkItemInList()[pri:0, instance:automation.testsuite.MayRuaChenBat_Test@20d525]" started-at="2025-09-20T14:15:17 GMT+07:00" name="searchByOrigin_checkItemInList" finished-at="2025-09-20T14:15:23 GMT+07:00" duration-ms="5452" status="PASS">
          <reporter-output>
          </reporter-output>
        </test-method> <!-- searchByOrigin_checkItemInList -->
        <test-method is-config="true" signature="endBrowser()[pri:0, instance:automation.testsuite.MayRuaChenBat_Test@20d525]" started-at="2025-09-20T14:15:23 GMT+07:00" name="endBrowser" finished-at="2025-09-20T14:15:23 GMT+07:00" duration-ms="248" status="PASS">
          <reporter-output>
          </reporter-output>
        </test-method> <!-- endBrowser -->
        <test-method is-config="true" signature="initBrowser(java.lang.String)[pri:0, instance:automation.testsuite.MayRuaChenBat_Test@20d525]" started-at="2025-09-20T14:15:23 GMT+07:00" name="initBrowser" finished-at="2025-09-20T14:15:29 GMT+07:00" duration-ms="6027" status="PASS">
          <params>
            <param index="0">
              <value>
                <![CDATA[chrome]]>
              </value>
            </param>
          </params>
          <reporter-output>
          </reporter-output>
        </test-method> <!-- initBrowser -->
        <test-method signature="searchByPriceAndOriginAndQuantity_checklist()[pri:0, instance:automation.testsuite.MayRuaChenBat_Test@20d525]" started-at="2025-09-20T14:15:29 GMT+07:00" name="searchByPriceAndOriginAndQuantity_checklist" finished-at="2025-09-20T14:15:36 GMT+07:00" duration-ms="7445" status="PASS">
          <reporter-output>
          </reporter-output>
        </test-method> <!-- searchByPriceAndOriginAndQuantity_checklist -->
        <test-method is-config="true" signature="endBrowser()[pri:0, instance:automation.testsuite.MayRuaChenBat_Test@20d525]" started-at="2025-09-20T14:15:36 GMT+07:00" name="endBrowser" finished-at="2025-09-20T14:15:37 GMT+07:00" duration-ms="235" status="PASS">
          <reporter-output>
          </reporter-output>
        </test-method> <!-- endBrowser -->
        <test-method is-config="true" signature="initBrowser(java.lang.String)[pri:0, instance:automation.testsuite.MayRuaChenBat_Test@20d525]" started-at="2025-09-20T14:15:37 GMT+07:00" name="initBrowser" finished-at="2025-09-20T14:15:41 GMT+07:00" duration-ms="4680" status="PASS">
          <params>
            <param index="0">
              <value>
                <![CDATA[chrome]]>
              </value>
            </param>
          </params>
          <reporter-output>
          </reporter-output>
        </test-method> <!-- initBrowser -->
        <test-method signature="searchByPriceAndOrigin_checklist()[pri:0, instance:automation.testsuite.MayRuaChenBat_Test@20d525]" started-at="2025-09-20T14:15:41 GMT+07:00" name="searchByPriceAndOrigin_checklist" finished-at="2025-09-20T14:15:48 GMT+07:00" duration-ms="6353" status="PASS">
          <reporter-output>
          </reporter-output>
        </test-method> <!-- searchByPriceAndOrigin_checklist -->
        <test-method is-config="true" signature="endBrowser()[pri:0, instance:automation.testsuite.MayRuaChenBat_Test@20d525]" started-at="2025-09-20T14:15:48 GMT+07:00" name="endBrowser" finished-at="2025-09-20T14:15:48 GMT+07:00" duration-ms="206" status="PASS">
          <reporter-output>
          </reporter-output>
        </test-method> <!-- endBrowser -->
        <test-method is-config="true" signature="initBrowser(java.lang.String)[pri:0, instance:automation.testsuite.MayRuaChenBat_Test@20d525]" started-at="2025-09-20T14:15:48 GMT+07:00" name="initBrowser" finished-at="2025-09-20T14:15:52 GMT+07:00" duration-ms="4592" status="PASS">
          <params>
            <param index="0">
              <value>
                <![CDATA[chrome]]>
              </value>
            </param>
          </params>
          <reporter-output>
          </reporter-output>
        </test-method> <!-- initBrowser -->
        <test-method signature="searchByPriceAndQuantity_checklist()[pri:0, instance:automation.testsuite.MayRuaChenBat_Test@20d525]" started-at="2025-09-20T14:15:52 GMT+07:00" name="searchByPriceAndQuantity_checklist" finished-at="2025-09-20T14:15:59 GMT+07:00" duration-ms="6395" status="PASS">
          <reporter-output>
          </reporter-output>
        </test-method> <!-- searchByPriceAndQuantity_checklist -->
        <test-method is-config="true" signature="endBrowser()[pri:0, instance:automation.testsuite.MayRuaChenBat_Test@20d525]" started-at="2025-09-20T14:15:59 GMT+07:00" name="endBrowser" finished-at="2025-09-20T14:15:59 GMT+07:00" duration-ms="200" status="PASS">
          <reporter-output>
          </reporter-output>
        </test-method> <!-- endBrowser -->
        <test-method is-config="true" signature="initBrowser(java.lang.String)[pri:0, instance:automation.testsuite.MayRuaChenBat_Test@20d525]" started-at="2025-09-20T14:15:59 GMT+07:00" name="initBrowser" finished-at="2025-09-20T14:16:04 GMT+07:00" duration-ms="4571" status="PASS">
          <params>
            <param index="0">
              <value>
                <![CDATA[chrome]]>
              </value>
            </param>
          </params>
          <reporter-output>
          </reporter-output>
        </test-method> <!-- initBrowser -->
        <test-method signature="searchByPrice_checkItemInList()[pri:0, instance:automation.testsuite.MayRuaChenBat_Test@20d525]" started-at="2025-09-20T14:16:04 GMT+07:00" name="searchByPrice_checkItemInList" finished-at="2025-09-20T14:16:04 GMT+07:00" duration-ms="887" status="PASS">
          <reporter-output>
          </reporter-output>
        </test-method> <!-- searchByPrice_checkItemInList -->
        <test-method is-config="true" signature="endBrowser()[pri:0, instance:automation.testsuite.MayRuaChenBat_Test@20d525]" started-at="2025-09-20T14:16:04 GMT+07:00" name="endBrowser" finished-at="2025-09-20T14:16:05 GMT+07:00" duration-ms="186" status="PASS">
          <reporter-output>
          </reporter-output>
        </test-method> <!-- endBrowser -->
        <test-method is-config="true" signature="initBrowser(java.lang.String)[pri:0, instance:automation.testsuite.MayRuaChenBat_Test@20d525]" started-at="2025-09-20T14:16:05 GMT+07:00" name="initBrowser" finished-at="2025-09-20T14:16:12 GMT+07:00" duration-ms="7046" status="PASS">
          <params>
            <param index="0">
              <value>
                <![CDATA[chrome]]>
              </value>
            </param>
          </params>
          <reporter-output>
          </reporter-output>
        </test-method> <!-- initBrowser -->
        <test-method signature="searchByQuantity_checkItemInList()[pri:0, instance:automation.testsuite.MayRuaChenBat_Test@20d525]" started-at="2025-09-20T14:16:12 GMT+07:00" name="searchByQuantity_checkItemInList" finished-at="2025-09-20T14:16:15 GMT+07:00" duration-ms="3615" status="PASS">
          <reporter-output>
          </reporter-output>
        </test-method> <!-- searchByQuantity_checkItemInList -->
        <test-method is-config="true" signature="endBrowser()[pri:0, instance:automation.testsuite.MayRuaChenBat_Test@20d525]" started-at="2025-09-20T14:16:15 GMT+07:00" name="endBrowser" finished-at="2025-09-20T14:16:16 GMT+07:00" duration-ms="232" status="PASS">
          <reporter-output>
          </reporter-output>
        </test-method> <!-- endBrowser -->
        <test-method is-config="true" signature="initBrowser(java.lang.String)[pri:0, instance:automation.testsuite.MayRuaChenBat_Test@20d525]" started-at="2025-09-20T14:16:16 GMT+07:00" name="initBrowser" finished-at="2025-09-20T14:16:23 GMT+07:00" duration-ms="7030" status="PASS">
          <params>
            <param index="0">
              <value>
                <![CDATA[chrome]]>
              </value>
            </param>
          </params>
          <reporter-output>
          </reporter-output>
        </test-method> <!-- initBrowser -->
        <test-method signature="viewDetailsAProduct_checkProduct()[pri:0, instance:automation.testsuite.MayRuaChenBat_Test@20d525]" started-at="2025-09-20T14:16:23 GMT+07:00" name="viewDetailsAProduct_checkProduct" finished-at="2025-09-20T14:16:24 GMT+07:00" duration-ms="927" status="PASS">
          <reporter-output>
          </reporter-output>
        </test-method> <!-- viewDetailsAProduct_checkProduct -->
        <test-method is-config="true" signature="endBrowser()[pri:0, instance:automation.testsuite.MayRuaChenBat_Test@20d525]" started-at="2025-09-20T14:16:24 GMT+07:00" name="endBrowser" finished-at="2025-09-20T14:16:24 GMT+07:00" duration-ms="214" status="PASS">
          <reporter-output>
          </reporter-output>
        </test-method> <!-- endBrowser -->
      </class> <!-- automation.testsuite.MayRuaChenBat_Test -->
      <class name="automation.testsuite.MayRuaChenBatDetails_Test">
        <test-method is-config="true" signature="initProcess(java.lang.String)[pri:0, instance:automation.testsuite.MayRuaChenBatDetails_Test@6a2b953e]" started-at="2025-09-20T14:16:24 GMT+07:00" name="initProcess" finished-at="2025-09-20T14:16:35 GMT+07:00" duration-ms="11562" status="PASS">
          <params>
            <param index="0">
              <value>
                <![CDATA[chrome]]>
              </value>
            </param>
          </params>
          <reporter-output>
          </reporter-output>
        </test-method> <!-- initProcess -->
        <test-method signature="buyInstallment_Failed_With_Empty_Address()[pri:0, instance:automation.testsuite.MayRuaChenBatDetails_Test@6a2b953e]" started-at="2025-09-20T14:16:35 GMT+07:00" name="buyInstallment_Failed_With_Empty_Address" finished-at="2025-09-20T14:16:36 GMT+07:00" duration-ms="527" status="PASS">
          <reporter-output>
          </reporter-output>
        </test-method> <!-- buyInstallment_Failed_With_Empty_Address -->
        <test-method is-config="true" signature="endProcess()[pri:0, instance:automation.testsuite.MayRuaChenBatDetails_Test@6a2b953e]" started-at="2025-09-20T14:16:36 GMT+07:00" name="endProcess" finished-at="2025-09-20T14:16:36 GMT+07:00" duration-ms="221" status="PASS">
          <reporter-output>
          </reporter-output>
        </test-method> <!-- endProcess -->
        <test-method is-config="true" signature="initProcess(java.lang.String)[pri:0, instance:automation.testsuite.MayRuaChenBatDetails_Test@6a2b953e]" started-at="2025-09-20T14:16:36 GMT+07:00" name="initProcess" finished-at="2025-09-20T14:16:44 GMT+07:00" duration-ms="8289" status="PASS">
          <params>
            <param index="0">
              <value>
                <![CDATA[chrome]]>
              </value>
            </param>
          </params>
          <reporter-output>
          </reporter-output>
        </test-method> <!-- initProcess -->
        <test-method signature="buyInstallment_Failed_With_Empty_Name()[pri:0, instance:automation.testsuite.MayRuaChenBatDetails_Test@6a2b953e]" started-at="2025-09-20T14:16:44 GMT+07:00" name="buyInstallment_Failed_With_Empty_Name" finished-at="2025-09-20T14:16:45 GMT+07:00" duration-ms="490" status="PASS">
          <reporter-output>
          </reporter-output>
        </test-method> <!-- buyInstallment_Failed_With_Empty_Name -->
        <test-method is-config="true" signature="endProcess()[pri:0, instance:automation.testsuite.MayRuaChenBatDetails_Test@6a2b953e]" started-at="2025-09-20T14:16:45 GMT+07:00" name="endProcess" finished-at="2025-09-20T14:16:45 GMT+07:00" duration-ms="211" status="PASS">
          <reporter-output>
          </reporter-output>
        </test-method> <!-- endProcess -->
        <test-method is-config="true" signature="initProcess(java.lang.String)[pri:0, instance:automation.testsuite.MayRuaChenBatDetails_Test@6a2b953e]" started-at="2025-09-20T14:16:45 GMT+07:00" name="initProcess" finished-at="2025-09-20T14:16:53 GMT+07:00" duration-ms="8403" status="PASS">
          <params>
            <param index="0">
              <value>
                <![CDATA[chrome]]>
              </value>
            </param>
          </params>
          <reporter-output>
          </reporter-output>
        </test-method> <!-- initProcess -->
        <test-method signature="buyInstallment_Failed_With_Empty_Phone()[pri:0, instance:automation.testsuite.MayRuaChenBatDetails_Test@6a2b953e]" started-at="2025-09-20T14:16:53 GMT+07:00" name="buyInstallment_Failed_With_Empty_Phone" finished-at="2025-09-20T14:16:54 GMT+07:00" duration-ms="465" status="PASS">
          <reporter-output>
          </reporter-output>
        </test-method> <!-- buyInstallment_Failed_With_Empty_Phone -->
        <test-method is-config="true" signature="endProcess()[pri:0, instance:automation.testsuite.MayRuaChenBatDetails_Test@6a2b953e]" started-at="2025-09-20T14:16:54 GMT+07:00" name="endProcess" finished-at="2025-09-20T14:16:54 GMT+07:00" duration-ms="218" status="PASS">
          <reporter-output>
          </reporter-output>
        </test-method> <!-- endProcess -->
        <test-method is-config="true" signature="initProcess(java.lang.String)[pri:0, instance:automation.testsuite.MayRuaChenBatDetails_Test@6a2b953e]" started-at="2025-09-20T14:16:54 GMT+07:00" name="initProcess" finished-at="2025-09-20T14:17:02 GMT+07:00" duration-ms="8320" status="PASS">
          <params>
            <param index="0">
              <value>
                <![CDATA[chrome]]>
              </value>
            </param>
          </params>
          <reporter-output>
          </reporter-output>
        </test-method> <!-- initProcess -->
        <test-method signature="checkBuyInstallments_openPopup()[pri:0, instance:automation.testsuite.MayRuaChenBatDetails_Test@6a2b953e]" started-at="2025-09-20T14:17:02 GMT+07:00" name="checkBuyInstallments_openPopup" finished-at="2025-09-20T14:17:03 GMT+07:00" duration-ms="123" status="PASS">
          <reporter-output>
          </reporter-output>
        </test-method> <!-- checkBuyInstallments_openPopup -->
        <test-method is-config="true" signature="endProcess()[pri:0, instance:automation.testsuite.MayRuaChenBatDetails_Test@6a2b953e]" started-at="2025-09-20T14:17:03 GMT+07:00" name="endProcess" finished-at="2025-09-20T14:17:03 GMT+07:00" duration-ms="204" status="PASS">
          <reporter-output>
          </reporter-output>
        </test-method> <!-- endProcess -->
        <test-method is-config="true" signature="initProcess(java.lang.String)[pri:0, instance:automation.testsuite.MayRuaChenBatDetails_Test@6a2b953e]" started-at="2025-09-20T14:17:03 GMT+07:00" name="initProcess" finished-at="2025-09-20T14:17:11 GMT+07:00" duration-ms="8318" status="PASS">
          <params>
            <param index="0">
              <value>
                <![CDATA[chrome]]>
              </value>
            </param>
          </params>
          <reporter-output>
          </reporter-output>
        </test-method> <!-- initProcess -->
        <test-method signature="checkSurveyInDetails_openPopup()[pri:0, instance:automation.testsuite.MayRuaChenBatDetails_Test@6a2b953e]" started-at="2025-09-20T14:17:11 GMT+07:00" name="checkSurveyInDetails_openPopup" finished-at="2025-09-20T14:17:11 GMT+07:00" duration-ms="142" status="PASS">
          <reporter-output>
          </reporter-output>
        </test-method> <!-- checkSurveyInDetails_openPopup -->
        <test-method is-config="true" signature="endProcess()[pri:0, instance:automation.testsuite.MayRuaChenBatDetails_Test@6a2b953e]" started-at="2025-09-20T14:17:11 GMT+07:00" name="endProcess" finished-at="2025-09-20T14:17:11 GMT+07:00" duration-ms="203" status="PASS">
          <reporter-output>
          </reporter-output>
        </test-method> <!-- endProcess -->
        <test-method is-config="true" signature="initProcess(java.lang.String)[pri:0, instance:automation.testsuite.MayRuaChenBatDetails_Test@6a2b953e]" started-at="2025-09-20T14:17:11 GMT+07:00" name="initProcess" finished-at="2025-09-20T14:17:20 GMT+07:00" duration-ms="8315" status="PASS">
          <params>
            <param index="0">
              <value>
                <![CDATA[chrome]]>
              </value>
            </param>
          </params>
          <reporter-output>
          </reporter-output>
        </test-method> <!-- initProcess -->
        <test-method signature="receiveConsult_Failed_With_Empty_Address()[pri:0, instance:automation.testsuite.MayRuaChenBatDetails_Test@6a2b953e]" started-at="2025-09-20T14:17:20 GMT+07:00" name="receiveConsult_Failed_With_Empty_Address" finished-at="2025-09-20T14:17:20 GMT+07:00" duration-ms="602" status="PASS">
          <reporter-output>
          </reporter-output>
        </test-method> <!-- receiveConsult_Failed_With_Empty_Address -->
        <test-method is-config="true" signature="endProcess()[pri:0, instance:automation.testsuite.MayRuaChenBatDetails_Test@6a2b953e]" started-at="2025-09-20T14:17:20 GMT+07:00" name="endProcess" finished-at="2025-09-20T14:17:21 GMT+07:00" duration-ms="210" status="PASS">
          <reporter-output>
          </reporter-output>
        </test-method> <!-- endProcess -->
        <test-method is-config="true" signature="initProcess(java.lang.String)[pri:0, instance:automation.testsuite.MayRuaChenBatDetails_Test@6a2b953e]" started-at="2025-09-20T14:17:21 GMT+07:00" name="initProcess" finished-at="2025-09-20T14:17:29 GMT+07:00" duration-ms="8307" status="PASS">
          <params>
            <param index="0">
              <value>
                <![CDATA[chrome]]>
              </value>
            </param>
          </params>
          <reporter-output>
          </reporter-output>
        </test-method> <!-- initProcess -->
        <test-method signature="receiveConsult_Failed_With_Empty_Name()[pri:0, instance:automation.testsuite.MayRuaChenBatDetails_Test@6a2b953e]" started-at="2025-09-20T14:17:29 GMT+07:00" name="receiveConsult_Failed_With_Empty_Name" finished-at="2025-09-20T14:17:29 GMT+07:00" duration-ms="498" status="PASS">
          <reporter-output>
          </reporter-output>
        </test-method> <!-- receiveConsult_Failed_With_Empty_Name -->
        <test-method is-config="true" signature="endProcess()[pri:0, instance:automation.testsuite.MayRuaChenBatDetails_Test@6a2b953e]" started-at="2025-09-20T14:17:29 GMT+07:00" name="endProcess" finished-at="2025-09-20T14:17:30 GMT+07:00" duration-ms="234" status="PASS">
          <reporter-output>
          </reporter-output>
        </test-method> <!-- endProcess -->
        <test-method is-config="true" signature="initProcess(java.lang.String)[pri:0, instance:automation.testsuite.MayRuaChenBatDetails_Test@6a2b953e]" started-at="2025-09-20T14:17:30 GMT+07:00" name="initProcess" finished-at="2025-09-20T14:17:38 GMT+07:00" duration-ms="8304" status="PASS">
          <params>
            <param index="0">
              <value>
                <![CDATA[chrome]]>
              </value>
            </param>
          </params>
          <reporter-output>
          </reporter-output>
        </test-method> <!-- initProcess -->
        <test-method signature="receiveConsult_Failed_With_Empty_Phone()[pri:0, instance:automation.testsuite.MayRuaChenBatDetails_Test@6a2b953e]" started-at="2025-09-20T14:17:38 GMT+07:00" name="receiveConsult_Failed_With_Empty_Phone" finished-at="2025-09-20T14:17:38 GMT+07:00" duration-ms="494" status="PASS">
          <reporter-output>
          </reporter-output>
        </test-method> <!-- receiveConsult_Failed_With_Empty_Phone -->
        <test-method is-config="true" signature="endProcess()[pri:0, instance:automation.testsuite.MayRuaChenBatDetails_Test@6a2b953e]" started-at="2025-09-20T14:17:38 GMT+07:00" name="endProcess" finished-at="2025-09-20T14:17:39 GMT+07:00" duration-ms="229" status="PASS">
          <reporter-output>
          </reporter-output>
        </test-method> <!-- endProcess -->
      </class> <!-- automation.testsuite.MayRuaChenBatDetails_Test -->
    </test> <!-- Regression Test on Chrome -->
    <test started-at="2025-09-20T14:18:17 GMT+07:00" name="Regression Test on Egde" finished-at="2025-09-20T14:24:46 GMT+07:00" duration-ms="388389">
      <class name="automation.testsuite.MayRuaChenBatCheckout_Tests">
        <test-method is-config="true" signature="initProcess(java.lang.String)[pri:0, instance:automation.testsuite.MayRuaChenBatCheckout_Tests@2cdd0d4b]" started-at="2025-09-20T14:24:08 GMT+07:00" name="initProcess" finished-at="2025-09-20T14:24:20 GMT+07:00" duration-ms="11956" status="PASS">
          <params>
            <param index="0">
              <value>
                <![CDATA[edge]]>
              </value>
            </param>
          </params>
          <reporter-output>
          </reporter-output>
        </test-method> <!-- initProcess -->
        <test-method signature="payment_Failed_With_Empty_Address()[pri:0, instance:automation.testsuite.MayRuaChenBatCheckout_Tests@2cdd0d4b]" started-at="2025-09-20T14:24:20 GMT+07:00" name="payment_Failed_With_Empty_Address" finished-at="2025-09-20T14:24:20 GMT+07:00" duration-ms="348" status="PASS">
          <reporter-output>
          </reporter-output>
        </test-method> <!-- payment_Failed_With_Empty_Address -->
        <test-method is-config="true" signature="endProcess()[pri:0, instance:automation.testsuite.MayRuaChenBatCheckout_Tests@2cdd0d4b]" started-at="2025-09-20T14:24:20 GMT+07:00" name="endProcess" finished-at="2025-09-20T14:24:21 GMT+07:00" duration-ms="285" status="PASS">
          <reporter-output>
          </reporter-output>
        </test-method> <!-- endProcess -->
        <test-method is-config="true" signature="initProcess(java.lang.String)[pri:0, instance:automation.testsuite.MayRuaChenBatCheckout_Tests@2cdd0d4b]" started-at="2025-09-20T14:24:21 GMT+07:00" name="initProcess" finished-at="2025-09-20T14:24:33 GMT+07:00" duration-ms="11993" status="PASS">
          <params>
            <param index="0">
              <value>
                <![CDATA[edge]]>
              </value>
            </param>
          </params>
          <reporter-output>
          </reporter-output>
        </test-method> <!-- initProcess -->
        <test-method signature="payment_Failed_With_Empty_Name()[pri:0, instance:automation.testsuite.MayRuaChenBatCheckout_Tests@2cdd0d4b]" started-at="2025-09-20T14:24:33 GMT+07:00" name="payment_Failed_With_Empty_Name" finished-at="2025-09-20T14:24:33 GMT+07:00" duration-ms="382" status="PASS">
          <reporter-output>
          </reporter-output>
        </test-method> <!-- payment_Failed_With_Empty_Name -->
        <test-method is-config="true" signature="endProcess()[pri:0, instance:automation.testsuite.MayRuaChenBatCheckout_Tests@2cdd0d4b]" started-at="2025-09-20T14:24:33 GMT+07:00" name="endProcess" finished-at="2025-09-20T14:24:33 GMT+07:00" duration-ms="272" status="PASS">
          <reporter-output>
          </reporter-output>
        </test-method> <!-- endProcess -->
        <test-method is-config="true" signature="initProcess(java.lang.String)[pri:0, instance:automation.testsuite.MayRuaChenBatCheckout_Tests@2cdd0d4b]" started-at="2025-09-20T14:24:33 GMT+07:00" name="initProcess" finished-at="2025-09-20T14:24:45 GMT+07:00" duration-ms="11768" status="PASS">
          <params>
            <param index="0">
              <value>
                <![CDATA[edge]]>
              </value>
            </param>
          </params>
          <reporter-output>
          </reporter-output>
        </test-method> <!-- initProcess -->
        <test-method signature="payment_Failed_With_Empty_Phone()[pri:0, instance:automation.testsuite.MayRuaChenBatCheckout_Tests@2cdd0d4b]" started-at="2025-09-20T14:24:45 GMT+07:00" name="payment_Failed_With_Empty_Phone" finished-at="2025-09-20T14:24:45 GMT+07:00" duration-ms="385" status="PASS">
          <reporter-output>
          </reporter-output>
        </test-method> <!-- payment_Failed_With_Empty_Phone -->
        <test-method is-config="true" signature="endProcess()[pri:0, instance:automation.testsuite.MayRuaChenBatCheckout_Tests@2cdd0d4b]" started-at="2025-09-20T14:24:45 GMT+07:00" name="endProcess" finished-at="2025-09-20T14:24:46 GMT+07:00" duration-ms="290" status="PASS">
          <reporter-output>
          </reporter-output>
        </test-method> <!-- endProcess -->
      </class> <!-- automation.testsuite.MayRuaChenBatCheckout_Tests -->
      <class name="automation.testsuite.MayRuaChenBat_Test">
        <test-method is-config="true" signature="initBrowser(java.lang.String)[pri:0, instance:automation.testsuite.MayRuaChenBat_Test@6c779568]" started-at="2025-09-20T14:18:17 GMT+07:00" name="initBrowser" finished-at="2025-09-20T14:18:22 GMT+07:00" duration-ms="4853" status="PASS">
          <params>
            <param index="0">
              <value>
                <![CDATA[edge]]>
              </value>
            </param>
          </params>
          <reporter-output>
          </reporter-output>
        </test-method> <!-- initBrowser -->
        <test-method signature="filterByDiscount_checkList()[pri:0, instance:automation.testsuite.MayRuaChenBat_Test@6c779568]" started-at="2025-09-20T14:18:22 GMT+07:00" name="filterByDiscount_checkList" finished-at="2025-09-20T14:18:28 GMT+07:00" duration-ms="5630" status="PASS">
          <reporter-output>
          </reporter-output>
        </test-method> <!-- filterByDiscount_checkList -->
        <test-method is-config="true" signature="endBrowser()[pri:0, instance:automation.testsuite.MayRuaChenBat_Test@6c779568]" started-at="2025-09-20T14:18:28 GMT+07:00" name="endBrowser" finished-at="2025-09-20T14:18:28 GMT+07:00" duration-ms="263" status="PASS">
          <reporter-output>
          </reporter-output>
        </test-method> <!-- endBrowser -->
        <test-method is-config="true" signature="initBrowser(java.lang.String)[pri:0, instance:automation.testsuite.MayRuaChenBat_Test@6c779568]" started-at="2025-09-20T14:18:28 GMT+07:00" name="initBrowser" finished-at="2025-09-20T14:18:33 GMT+07:00" duration-ms="4831" status="PASS">
          <params>
            <param index="0">
              <value>
                <![CDATA[edge]]>
              </value>
            </param>
          </params>
          <reporter-output>
          </reporter-output>
        </test-method> <!-- initBrowser -->
        <test-method signature="filterByMaxPrice_checkList()[pri:0, instance:automation.testsuite.MayRuaChenBat_Test@6c779568]" started-at="2025-09-20T14:18:33 GMT+07:00" name="filterByMaxPrice_checkList" finished-at="2025-09-20T14:18:38 GMT+07:00" duration-ms="5555" status="PASS">
          <reporter-output>
          </reporter-output>
        </test-method> <!-- filterByMaxPrice_checkList -->
        <test-method is-config="true" signature="endBrowser()[pri:0, instance:automation.testsuite.MayRuaChenBat_Test@6c779568]" started-at="2025-09-20T14:18:38 GMT+07:00" name="endBrowser" finished-at="2025-09-20T14:18:39 GMT+07:00" duration-ms="281" status="PASS">
          <reporter-output>
          </reporter-output>
        </test-method> <!-- endBrowser -->
        <test-method is-config="true" signature="initBrowser(java.lang.String)[pri:0, instance:automation.testsuite.MayRuaChenBat_Test@6c779568]" started-at="2025-09-20T14:18:39 GMT+07:00" name="initBrowser" finished-at="2025-09-20T14:18:44 GMT+07:00" duration-ms="4975" status="PASS">
          <params>
            <param index="0">
              <value>
                <![CDATA[edge]]>
              </value>
            </param>
          </params>
          <reporter-output>
          </reporter-output>
        </test-method> <!-- initBrowser -->
        <test-method signature="filterByMinPrice_checkList()[pri:0, instance:automation.testsuite.MayRuaChenBat_Test@6c779568]" started-at="2025-09-20T14:18:44 GMT+07:00" name="filterByMinPrice_checkList" finished-at="2025-09-20T14:18:49 GMT+07:00" duration-ms="5645" status="PASS">
          <reporter-output>
          </reporter-output>
        </test-method> <!-- filterByMinPrice_checkList -->
        <test-method is-config="true" signature="endBrowser()[pri:0, instance:automation.testsuite.MayRuaChenBat_Test@6c779568]" started-at="2025-09-20T14:18:49 GMT+07:00" name="endBrowser" finished-at="2025-09-20T14:18:50 GMT+07:00" duration-ms="264" status="PASS">
          <reporter-output>
          </reporter-output>
        </test-method> <!-- endBrowser -->
        <test-method is-config="true" signature="initBrowser(java.lang.String)[pri:0, instance:automation.testsuite.MayRuaChenBat_Test@6c779568]" started-at="2025-09-20T14:18:50 GMT+07:00" name="initBrowser" finished-at="2025-09-20T14:18:54 GMT+07:00" duration-ms="4655" status="PASS">
          <params>
            <param index="0">
              <value>
                <![CDATA[edge]]>
              </value>
            </param>
          </params>
          <reporter-output>
          </reporter-output>
        </test-method> <!-- initBrowser -->
        <test-method signature="searchByBranchAndOriginAndQuantity_checklist()[pri:0, instance:automation.testsuite.MayRuaChenBat_Test@6c779568]" started-at="2025-09-20T14:18:54 GMT+07:00" name="searchByBranchAndOriginAndQuantity_checklist" finished-at="2025-09-20T14:19:07 GMT+07:00" duration-ms="12944" status="PASS">
          <reporter-output>
          </reporter-output>
        </test-method> <!-- searchByBranchAndOriginAndQuantity_checklist -->
        <test-method is-config="true" signature="endBrowser()[pri:0, instance:automation.testsuite.MayRuaChenBat_Test@6c779568]" started-at="2025-09-20T14:19:07 GMT+07:00" name="endBrowser" finished-at="2025-09-20T14:19:07 GMT+07:00" duration-ms="271" status="PASS">
          <reporter-output>
          </reporter-output>
        </test-method> <!-- endBrowser -->
        <test-method is-config="true" signature="initBrowser(java.lang.String)[pri:0, instance:automation.testsuite.MayRuaChenBat_Test@6c779568]" started-at="2025-09-20T14:19:07 GMT+07:00" name="initBrowser" finished-at="2025-09-20T14:19:12 GMT+07:00" duration-ms="4622" status="PASS">
          <params>
            <param index="0">
              <value>
                <![CDATA[edge]]>
              </value>
            </param>
          </params>
          <reporter-output>
          </reporter-output>
        </test-method> <!-- initBrowser -->
        <test-method signature="searchByBranchAndOrigin_checklist()[pri:0, instance:automation.testsuite.MayRuaChenBat_Test@6c779568]" started-at="2025-09-20T14:19:12 GMT+07:00" name="searchByBranchAndOrigin_checklist" finished-at="2025-09-20T14:19:21 GMT+07:00" duration-ms="8589" status="PASS">
          <reporter-output>
          </reporter-output>
        </test-method> <!-- searchByBranchAndOrigin_checklist -->
        <test-method is-config="true" signature="endBrowser()[pri:0, instance:automation.testsuite.MayRuaChenBat_Test@6c779568]" started-at="2025-09-20T14:19:21 GMT+07:00" name="endBrowser" finished-at="2025-09-20T14:19:21 GMT+07:00" duration-ms="298" status="PASS">
          <reporter-output>
          </reporter-output>
        </test-method> <!-- endBrowser -->
        <test-method is-config="true" signature="initBrowser(java.lang.String)[pri:0, instance:automation.testsuite.MayRuaChenBat_Test@6c779568]" started-at="2025-09-20T14:19:21 GMT+07:00" name="initBrowser" finished-at="2025-09-20T14:19:26 GMT+07:00" duration-ms="4706" status="PASS">
          <params>
            <param index="0">
              <value>
                <![CDATA[edge]]>
              </value>
            </param>
          </params>
          <reporter-output>
          </reporter-output>
        </test-method> <!-- initBrowser -->
        <test-method signature="searchByBranchAndPriceAndOriginAndQuantity_checklist()[pri:0, instance:automation.testsuite.MayRuaChenBat_Test@6c779568]" started-at="2025-09-20T14:19:26 GMT+07:00" name="searchByBranchAndPriceAndOriginAndQuantity_checklist" finished-at="2025-09-20T14:19:38 GMT+07:00" duration-ms="12594" status="PASS">
          <reporter-output>
          </reporter-output>
        </test-method> <!-- searchByBranchAndPriceAndOriginAndQuantity_checklist -->
        <test-method is-config="true" signature="endBrowser()[pri:0, instance:automation.testsuite.MayRuaChenBat_Test@6c779568]" started-at="2025-09-20T14:19:38 GMT+07:00" name="endBrowser" finished-at="2025-09-20T14:19:39 GMT+07:00" duration-ms="284" status="PASS">
          <reporter-output>
          </reporter-output>
        </test-method> <!-- endBrowser -->
        <test-method is-config="true" signature="initBrowser(java.lang.String)[pri:0, instance:automation.testsuite.MayRuaChenBat_Test@6c779568]" started-at="2025-09-20T14:19:39 GMT+07:00" name="initBrowser" finished-at="2025-09-20T14:19:50 GMT+07:00" duration-ms="11599" status="PASS">
          <params>
            <param index="0">
              <value>
                <![CDATA[edge]]>
              </value>
            </param>
          </params>
          <reporter-output>
          </reporter-output>
        </test-method> <!-- initBrowser -->
        <test-method signature="searchByBranchAndPriceAndOrigin_checklist()[pri:0, instance:automation.testsuite.MayRuaChenBat_Test@6c779568]" started-at="2025-09-20T14:19:50 GMT+07:00" name="searchByBranchAndPriceAndOrigin_checklist" finished-at="2025-09-20T14:19:58 GMT+07:00" duration-ms="7867" status="PASS">
          <reporter-output>
          </reporter-output>
        </test-method> <!-- searchByBranchAndPriceAndOrigin_checklist -->
        <test-method is-config="true" signature="endBrowser()[pri:0, instance:automation.testsuite.MayRuaChenBat_Test@6c779568]" started-at="2025-09-20T14:19:58 GMT+07:00" name="endBrowser" finished-at="2025-09-20T14:19:58 GMT+07:00" duration-ms="314" status="PASS">
          <reporter-output>
          </reporter-output>
        </test-method> <!-- endBrowser -->
        <test-method is-config="true" signature="initBrowser(java.lang.String)[pri:0, instance:automation.testsuite.MayRuaChenBat_Test@6c779568]" started-at="2025-09-20T14:19:58 GMT+07:00" name="initBrowser" finished-at="2025-09-20T14:20:03 GMT+07:00" duration-ms="5004" status="PASS">
          <params>
            <param index="0">
              <value>
                <![CDATA[edge]]>
              </value>
            </param>
          </params>
          <reporter-output>
          </reporter-output>
        </test-method> <!-- initBrowser -->
        <test-method signature="searchByBranchAndPriceAndQuantity_checklist()[pri:0, instance:automation.testsuite.MayRuaChenBat_Test@6c779568]" started-at="2025-09-20T14:20:03 GMT+07:00" name="searchByBranchAndPriceAndQuantity_checklist" finished-at="2025-09-20T14:20:13 GMT+07:00" duration-ms="9354" status="PASS">
          <reporter-output>
          </reporter-output>
        </test-method> <!-- searchByBranchAndPriceAndQuantity_checklist -->
        <test-method is-config="true" signature="endBrowser()[pri:0, instance:automation.testsuite.MayRuaChenBat_Test@6c779568]" started-at="2025-09-20T14:20:13 GMT+07:00" name="endBrowser" finished-at="2025-09-20T14:20:13 GMT+07:00" duration-ms="276" status="PASS">
          <reporter-output>
          </reporter-output>
        </test-method> <!-- endBrowser -->
        <test-method is-config="true" signature="initBrowser(java.lang.String)[pri:0, instance:automation.testsuite.MayRuaChenBat_Test@6c779568]" started-at="2025-09-20T14:20:13 GMT+07:00" name="initBrowser" finished-at="2025-09-20T14:20:18 GMT+07:00" duration-ms="4745" status="PASS">
          <params>
            <param index="0">
              <value>
                <![CDATA[edge]]>
              </value>
            </param>
          </params>
          <reporter-output>
          </reporter-output>
        </test-method> <!-- initBrowser -->
        <test-method signature="searchByBranchAndPrice_checklist()[pri:0, instance:automation.testsuite.MayRuaChenBat_Test@6c779568]" started-at="2025-09-20T14:20:18 GMT+07:00" name="searchByBranchAndPrice_checklist" finished-at="2025-09-20T14:20:21 GMT+07:00" duration-ms="3262" status="FAIL">
          <exception class="java.lang.AssertionError">
            <message>
              <![CDATA[expected [true] but found [false]]]>
            </message>
            <full-stacktrace>
              <![CDATA[java.lang.AssertionError: expected [true] but found [false]
at org.testng.Assert.fail(Assert.java:111)
at org.testng.Assert.failNotEquals(Assert.java:1590)
at org.testng.Assert.assertTrue(Assert.java:57)
at org.testng.Assert.assertTrue(Assert.java:67)
at automation.testsuite.MayRuaChenBat_Test.searchByBranchAndPrice_checklist(MayRuaChenBat_Test.java:100)
at java.base/jdk.internal.reflect.DirectMethodHandleAccessor.invoke(DirectMethodHandleAccessor.java:103)
at java.base/java.lang.reflect.Method.invoke(Method.java:580)
at org.testng.internal.invokers.MethodInvocationHelper.invokeMethod(MethodInvocationHelper.java:141)
at org.testng.internal.invokers.TestInvoker.invokeMethod(TestInvoker.java:687)
at org.testng.internal.invokers.TestInvoker.invokeTestMethod(TestInvoker.java:230)
at org.testng.internal.invokers.MethodRunner.runInSequence(MethodRunner.java:63)
at org.testng.internal.invokers.TestInvoker$MethodInvocationAgent.invoke(TestInvoker.java:995)
at org.testng.internal.invokers.TestInvoker.invokeTestMethods(TestInvoker.java:203)
at org.testng.internal.invokers.TestMethodWorker.invokeTestMethods(TestMethodWorker.java:154)
at org.testng.internal.invokers.TestMethodWorker.run(TestMethodWorker.java:134)
at java.base/java.util.ArrayList.forEach(ArrayList.java:1597)
at org.testng.TestRunner.privateRun(TestRunner.java:741)
at org.testng.TestRunner.run(TestRunner.java:616)
at org.testng.SuiteRunner.runTest(SuiteRunner.java:421)
at org.testng.SuiteRunner.runSequentially(SuiteRunner.java:413)
at org.testng.SuiteRunner.privateRun(SuiteRunner.java:373)
at org.testng.SuiteRunner.run(SuiteRunner.java:312)
at org.testng.SuiteRunnerWorker.runSuite(SuiteRunnerWorker.java:52)
at org.testng.SuiteRunnerWorker.run(SuiteRunnerWorker.java:95)
at org.testng.TestNG.runSuitesSequentially(TestNG.java:1274)
at org.testng.TestNG.runSuitesLocally(TestNG.java:1208)
at org.testng.TestNG.runSuites(TestNG.java:1112)
at org.testng.TestNG.run(TestNG.java:1079)
at org.testng.remote.AbstractRemoteTestNG.run(AbstractRemoteTestNG.java:115)
at org.testng.remote.RemoteTestNG.initAndRun(RemoteTestNG.java:293)
at org.testng.remote.RemoteTestNG.main(RemoteTestNG.java:91)
]]>
            </full-stacktrace>
          </exception> <!-- java.lang.AssertionError -->
          <reporter-output>
          </reporter-output>
        </test-method> <!-- searchByBranchAndPrice_checklist -->
        <test-method is-config="true" signature="endBrowser()[pri:0, instance:automation.testsuite.MayRuaChenBat_Test@6c779568]" started-at="2025-09-20T14:20:21 GMT+07:00" name="endBrowser" finished-at="2025-09-20T14:20:21 GMT+07:00" duration-ms="233" status="PASS">
          <reporter-output>
          </reporter-output>
        </test-method> <!-- endBrowser -->
        <test-method is-config="true" signature="initBrowser(java.lang.String)[pri:0, instance:automation.testsuite.MayRuaChenBat_Test@6c779568]" started-at="2025-09-20T14:20:21 GMT+07:00" name="initBrowser" finished-at="2025-09-20T14:20:26 GMT+07:00" duration-ms="4961" status="PASS">
          <params>
            <param index="0">
              <value>
                <![CDATA[edge]]>
              </value>
            </param>
          </params>
          <reporter-output>
          </reporter-output>
        </test-method> <!-- initBrowser -->
        <test-method signature="searchByBranchAndQuantity_checklist()[pri:0, instance:automation.testsuite.MayRuaChenBat_Test@6c779568]" started-at="2025-09-20T14:20:26 GMT+07:00" name="searchByBranchAndQuantity_checklist" finished-at="2025-09-20T14:20:59 GMT+07:00" duration-ms="32741" status="FAIL">
          <exception class="org.openqa.selenium.TimeoutException">
            <message>
              <![CDATA[Expected condition failed: waiting for visibility of element located by By.xpath: //div[contains(@class, 'product-list')]//a[contains(@href, 'bosch')] (tried for 30 second(s) with 500 milliseconds interval)
Build info: version: '4.33.0', revision: '2c6aaad03a'
System info: os.name: 'Windows 11', os.arch: 'amd64', os.version: '10.0', java.version: '23.0.2'
Driver info: org.openqa.selenium.edge.EdgeDriver
Capabilities {acceptInsecureCerts: false, browserName: MicrosoftEdge, browserVersion: 140.0.3485.81, fedcm:accounts: true, ms:edgeOptions: {debuggerAddress: localhost:62655}, msedge: {msedgedriverVersion: 140.0.3485.54 (3cc379a8a5fb..., userDataDir: C:\Users\Admin\AppData\Loca...}, networkConnectionEnabled: false, pageLoadStrategy: normal, platformName: windows, proxy: Proxy(), se:cdp: ws://localhost:62655/devtoo..., se:cdpVersion: 140.0.3485.81, setWindowRect: true, strictFileInteractability: false, timeouts: {implicit: 0, pageLoad: 300000, script: 30000}, unhandledPromptBehavior: dismiss and notify, webauthn:extension:credBlob: true, webauthn:extension:largeBlob: true, webauthn:extension:minPinLength: true, webauthn:extension:prf: true, webauthn:virtualAuthenticators: true}
Session ID: a656b53392b00151b6d5da0dac4ca9aa]]>
            </message>
            <full-stacktrace>
              <![CDATA[org.openqa.selenium.TimeoutException: Expected condition failed: waiting for visibility of element located by By.xpath: //div[contains(@class, 'product-list')]//a[contains(@href, 'bosch')] (tried for 30 second(s) with 500 milliseconds interval)
Build info: version: '4.33.0', revision: '2c6aaad03a'
System info: os.name: 'Windows 11', os.arch: 'amd64', os.version: '10.0', java.version: '23.0.2'
Driver info: org.openqa.selenium.edge.EdgeDriver
Capabilities {acceptInsecureCerts: false, browserName: MicrosoftEdge, browserVersion: 140.0.3485.81, fedcm:accounts: true, ms:edgeOptions: {debuggerAddress: localhost:62655}, msedge: {msedgedriverVersion: 140.0.3485.54 (3cc379a8a5fb..., userDataDir: C:\Users\Admin\AppData\Loca...}, networkConnectionEnabled: false, pageLoadStrategy: normal, platformName: windows, proxy: Proxy(), se:cdp: ws://localhost:62655/devtoo..., se:cdpVersion: 140.0.3485.81, setWindowRect: true, strictFileInteractability: false, timeouts: {implicit: 0, pageLoad: 300000, script: 30000}, unhandledPromptBehavior: dismiss and notify, webauthn:extension:credBlob: true, webauthn:extension:largeBlob: true, webauthn:extension:minPinLength: true, webauthn:extension:prf: true, webauthn:virtualAuthenticators: true}
Session ID: a656b53392b00151b6d5da0dac4ca9aa
at org.openqa.selenium.support.ui.WebDriverWait.timeoutException(WebDriverWait.java:84)
at org.openqa.selenium.support.ui.FluentWait.until(FluentWait.java:228)
at automation.common.CommonBase.getListElementDOM(CommonBase.java:188)
at automation.testsuite.MayRuaChenBat_Test.searchByBranchAndQuantity_checklist(MayRuaChenBat_Test.java:130)
at java.base/jdk.internal.reflect.DirectMethodHandleAccessor.invoke(DirectMethodHandleAccessor.java:103)
at java.base/java.lang.reflect.Method.invoke(Method.java:580)
at org.testng.internal.invokers.MethodInvocationHelper.invokeMethod(MethodInvocationHelper.java:141)
at org.testng.internal.invokers.TestInvoker.invokeMethod(TestInvoker.java:687)
at org.testng.internal.invokers.TestInvoker.invokeTestMethod(TestInvoker.java:230)
at org.testng.internal.invokers.MethodRunner.runInSequence(MethodRunner.java:63)
at org.testng.internal.invokers.TestInvoker$MethodInvocationAgent.invoke(TestInvoker.java:995)
at org.testng.internal.invokers.TestInvoker.invokeTestMethods(TestInvoker.java:203)
at org.testng.internal.invokers.TestMethodWorker.invokeTestMethods(TestMethodWorker.java:154)
at org.testng.internal.invokers.TestMethodWorker.run(TestMethodWorker.java:134)
at java.base/java.util.ArrayList.forEach(ArrayList.java:1597)
at org.testng.TestRunner.privateRun(TestRunner.java:741)
at org.testng.TestRunner.run(TestRunner.java:616)
at org.testng.SuiteRunner.runTest(SuiteRunner.java:421)
at org.testng.SuiteRunner.runSequentially(SuiteRunner.java:413)
at org.testng.SuiteRunner.privateRun(SuiteRunner.java:373)
at org.testng.SuiteRunner.run(SuiteRunner.java:312)
at org.testng.SuiteRunnerWorker.runSuite(SuiteRunnerWorker.java:52)
at org.testng.SuiteRunnerWorker.run(SuiteRunnerWorker.java:95)
at org.testng.TestNG.runSuitesSequentially(TestNG.java:1274)
at org.testng.TestNG.runSuitesLocally(TestNG.java:1208)
at org.testng.TestNG.runSuites(TestNG.java:1112)
at org.testng.TestNG.run(TestNG.java:1079)
at org.testng.remote.AbstractRemoteTestNG.run(AbstractRemoteTestNG.java:115)
at org.testng.remote.RemoteTestNG.initAndRun(RemoteTestNG.java:293)
at org.testng.remote.RemoteTestNG.main(RemoteTestNG.java:91)
]]>
            </full-stacktrace>
          </exception> <!-- org.openqa.selenium.TimeoutException -->
          <reporter-output>
          </reporter-output>
        </test-method> <!-- searchByBranchAndQuantity_checklist -->
        <test-method is-config="true" signature="endBrowser()[pri:0, instance:automation.testsuite.MayRuaChenBat_Test@6c779568]" started-at="2025-09-20T14:20:59 GMT+07:00" name="endBrowser" finished-at="2025-09-20T14:20:59 GMT+07:00" duration-ms="245" status="PASS">
          <reporter-output>
          </reporter-output>
        </test-method> <!-- endBrowser -->
        <test-method is-config="true" signature="initBrowser(java.lang.String)[pri:0, instance:automation.testsuite.MayRuaChenBat_Test@6c779568]" started-at="2025-09-20T14:20:59 GMT+07:00" name="initBrowser" finished-at="2025-09-20T14:21:04 GMT+07:00" duration-ms="4816" status="PASS">
          <params>
            <param index="0">
              <value>
                <![CDATA[edge]]>
              </value>
            </param>
          </params>
          <reporter-output>
          </reporter-output>
        </test-method> <!-- initBrowser -->
        <test-method signature="searchByBranch_checkItemInList()[pri:0, instance:automation.testsuite.MayRuaChenBat_Test@6c779568]" started-at="2025-09-20T14:21:04 GMT+07:00" name="searchByBranch_checkItemInList" finished-at="2025-09-20T14:21:04 GMT+07:00" duration-ms="128" status="PASS">
          <reporter-output>
          </reporter-output>
        </test-method> <!-- searchByBranch_checkItemInList -->
        <test-method is-config="true" signature="endBrowser()[pri:0, instance:automation.testsuite.MayRuaChenBat_Test@6c779568]" started-at="2025-09-20T14:21:04 GMT+07:00" name="endBrowser" finished-at="2025-09-20T14:21:04 GMT+07:00" duration-ms="190" status="PASS">
          <reporter-output>
          </reporter-output>
        </test-method> <!-- endBrowser -->
        <test-method is-config="true" signature="initBrowser(java.lang.String)[pri:0, instance:automation.testsuite.MayRuaChenBat_Test@6c779568]" started-at="2025-09-20T14:21:04 GMT+07:00" name="initBrowser" finished-at="2025-09-20T14:21:09 GMT+07:00" duration-ms="4640" status="PASS">
          <params>
            <param index="0">
              <value>
                <![CDATA[edge]]>
              </value>
            </param>
          </params>
          <reporter-output>
          </reporter-output>
        </test-method> <!-- initBrowser -->
        <test-method signature="searchByOriginAndQuantity_checklist()[pri:0, instance:automation.testsuite.MayRuaChenBat_Test@6c779568]" started-at="2025-09-20T14:21:09 GMT+07:00" name="searchByOriginAndQuantity_checklist" finished-at="2025-09-20T14:21:21 GMT+07:00" duration-ms="11899" status="PASS">
          <reporter-output>
          </reporter-output>
        </test-method> <!-- searchByOriginAndQuantity_checklist -->
        <test-method is-config="true" signature="endBrowser()[pri:0, instance:automation.testsuite.MayRuaChenBat_Test@6c779568]" started-at="2025-09-20T14:21:21 GMT+07:00" name="endBrowser" finished-at="2025-09-20T14:21:21 GMT+07:00" duration-ms="272" status="PASS">
          <reporter-output>
          </reporter-output>
        </test-method> <!-- endBrowser -->
        <test-method is-config="true" signature="initBrowser(java.lang.String)[pri:0, instance:automation.testsuite.MayRuaChenBat_Test@6c779568]" started-at="2025-09-20T14:21:21 GMT+07:00" name="initBrowser" finished-at="2025-09-20T14:21:26 GMT+07:00" duration-ms="4761" status="PASS">
          <params>
            <param index="0">
              <value>
                <![CDATA[edge]]>
              </value>
            </param>
          </params>
          <reporter-output>
          </reporter-output>
        </test-method> <!-- initBrowser -->
        <test-method signature="searchByOrigin_checkItemInList()[pri:0, instance:automation.testsuite.MayRuaChenBat_Test@6c779568]" started-at="2025-09-20T14:21:26 GMT+07:00" name="searchByOrigin_checkItemInList" finished-at="2025-09-20T14:21:31 GMT+07:00" duration-ms="5429" status="PASS">
          <reporter-output>
          </reporter-output>
        </test-method> <!-- searchByOrigin_checkItemInList -->
        <test-method is-config="true" signature="endBrowser()[pri:0, instance:automation.testsuite.MayRuaChenBat_Test@6c779568]" started-at="2025-09-20T14:21:31 GMT+07:00" name="endBrowser" finished-at="2025-09-20T14:21:32 GMT+07:00" duration-ms="306" status="PASS">
          <reporter-output>
          </reporter-output>
        </test-method> <!-- endBrowser -->
        <test-method is-config="true" signature="initBrowser(java.lang.String)[pri:0, instance:automation.testsuite.MayRuaChenBat_Test@6c779568]" started-at="2025-09-20T14:21:32 GMT+07:00" name="initBrowser" finished-at="2025-09-20T14:21:37 GMT+07:00" duration-ms="5333" status="PASS">
          <params>
            <param index="0">
              <value>
                <![CDATA[edge]]>
              </value>
            </param>
          </params>
          <reporter-output>
          </reporter-output>
        </test-method> <!-- initBrowser -->
        <test-method signature="searchByPriceAndOriginAndQuantity_checklist()[pri:0, instance:automation.testsuite.MayRuaChenBat_Test@6c779568]" started-at="2025-09-20T14:21:37 GMT+07:00" name="searchByPriceAndOriginAndQuantity_checklist" finished-at="2025-09-20T14:21:47 GMT+07:00" duration-ms="9942" status="PASS">
          <reporter-output>
          </reporter-output>
        </test-method> <!-- searchByPriceAndOriginAndQuantity_checklist -->
        <test-method is-config="true" signature="endBrowser()[pri:0, instance:automation.testsuite.MayRuaChenBat_Test@6c779568]" started-at="2025-09-20T14:21:47 GMT+07:00" name="endBrowser" finished-at="2025-09-20T14:21:47 GMT+07:00" duration-ms="261" status="PASS">
          <reporter-output>
          </reporter-output>
        </test-method> <!-- endBrowser -->
        <test-method is-config="true" signature="initBrowser(java.lang.String)[pri:0, instance:automation.testsuite.MayRuaChenBat_Test@6c779568]" started-at="2025-09-20T14:21:47 GMT+07:00" name="initBrowser" finished-at="2025-09-20T14:21:52 GMT+07:00" duration-ms="4740" status="PASS">
          <params>
            <param index="0">
              <value>
                <![CDATA[edge]]>
              </value>
            </param>
          </params>
          <reporter-output>
          </reporter-output>
        </test-method> <!-- initBrowser -->
        <test-method signature="searchByPriceAndOrigin_checklist()[pri:0, instance:automation.testsuite.MayRuaChenBat_Test@6c779568]" started-at="2025-09-20T14:21:52 GMT+07:00" name="searchByPriceAndOrigin_checklist" finished-at="2025-09-20T14:21:58 GMT+07:00" duration-ms="6476" status="PASS">
          <reporter-output>
          </reporter-output>
        </test-method> <!-- searchByPriceAndOrigin_checklist -->
        <test-method is-config="true" signature="endBrowser()[pri:0, instance:automation.testsuite.MayRuaChenBat_Test@6c779568]" started-at="2025-09-20T14:21:58 GMT+07:00" name="endBrowser" finished-at="2025-09-20T14:21:59 GMT+07:00" duration-ms="252" status="PASS">
          <reporter-output>
          </reporter-output>
        </test-method> <!-- endBrowser -->
        <test-method is-config="true" signature="initBrowser(java.lang.String)[pri:0, instance:automation.testsuite.MayRuaChenBat_Test@6c779568]" started-at="2025-09-20T14:21:59 GMT+07:00" name="initBrowser" finished-at="2025-09-20T14:22:03 GMT+07:00" duration-ms="4582" status="PASS">
          <params>
            <param index="0">
              <value>
                <![CDATA[edge]]>
              </value>
            </param>
          </params>
          <reporter-output>
          </reporter-output>
        </test-method> <!-- initBrowser -->
        <test-method signature="searchByPriceAndQuantity_checklist()[pri:0, instance:automation.testsuite.MayRuaChenBat_Test@6c779568]" started-at="2025-09-20T14:22:03 GMT+07:00" name="searchByPriceAndQuantity_checklist" finished-at="2025-09-20T14:22:10 GMT+07:00" duration-ms="6491" status="PASS">
          <reporter-output>
          </reporter-output>
        </test-method> <!-- searchByPriceAndQuantity_checklist -->
        <test-method is-config="true" signature="endBrowser()[pri:0, instance:automation.testsuite.MayRuaChenBat_Test@6c779568]" started-at="2025-09-20T14:22:10 GMT+07:00" name="endBrowser" finished-at="2025-09-20T14:22:10 GMT+07:00" duration-ms="216" status="PASS">
          <reporter-output>
          </reporter-output>
        </test-method> <!-- endBrowser -->
        <test-method is-config="true" signature="initBrowser(java.lang.String)[pri:0, instance:automation.testsuite.MayRuaChenBat_Test@6c779568]" started-at="2025-09-20T14:22:10 GMT+07:00" name="initBrowser" finished-at="2025-09-20T14:22:15 GMT+07:00" duration-ms="4763" status="PASS">
          <params>
            <param index="0">
              <value>
                <![CDATA[edge]]>
              </value>
            </param>
          </params>
          <reporter-output>
          </reporter-output>
        </test-method> <!-- initBrowser -->
        <test-method signature="searchByPrice_checkItemInList()[pri:0, instance:automation.testsuite.MayRuaChenBat_Test@6c779568]" started-at="2025-09-20T14:22:15 GMT+07:00" name="searchByPrice_checkItemInList" finished-at="2025-09-20T14:22:16 GMT+07:00" duration-ms="939" status="PASS">
          <reporter-output>
          </reporter-output>
        </test-method> <!-- searchByPrice_checkItemInList -->
        <test-method is-config="true" signature="endBrowser()[pri:0, instance:automation.testsuite.MayRuaChenBat_Test@6c779568]" started-at="2025-09-20T14:22:16 GMT+07:00" name="endBrowser" finished-at="2025-09-20T14:22:16 GMT+07:00" duration-ms="188" status="PASS">
          <reporter-output>
          </reporter-output>
        </test-method> <!-- endBrowser -->
        <test-method is-config="true" signature="initBrowser(java.lang.String)[pri:0, instance:automation.testsuite.MayRuaChenBat_Test@6c779568]" started-at="2025-09-20T14:22:16 GMT+07:00" name="initBrowser" finished-at="2025-09-20T14:22:21 GMT+07:00" duration-ms="4950" status="PASS">
          <params>
            <param index="0">
              <value>
                <![CDATA[edge]]>
              </value>
            </param>
          </params>
          <reporter-output>
          </reporter-output>
        </test-method> <!-- initBrowser -->
        <test-method signature="searchByQuantity_checkItemInList()[pri:0, instance:automation.testsuite.MayRuaChenBat_Test@6c779568]" started-at="2025-09-20T14:22:21 GMT+07:00" name="searchByQuantity_checkItemInList" finished-at="2025-09-20T14:22:26 GMT+07:00" duration-ms="5484" status="PASS">
          <reporter-output>
          </reporter-output>
        </test-method> <!-- searchByQuantity_checkItemInList -->
        <test-method is-config="true" signature="endBrowser()[pri:0, instance:automation.testsuite.MayRuaChenBat_Test@6c779568]" started-at="2025-09-20T14:22:26 GMT+07:00" name="endBrowser" finished-at="2025-09-20T14:22:27 GMT+07:00" duration-ms="286" status="PASS">
          <reporter-output>
          </reporter-output>
        </test-method> <!-- endBrowser -->
        <test-method is-config="true" signature="initBrowser(java.lang.String)[pri:0, instance:automation.testsuite.MayRuaChenBat_Test@6c779568]" started-at="2025-09-20T14:22:27 GMT+07:00" name="initBrowser" finished-at="2025-09-20T14:22:31 GMT+07:00" duration-ms="4925" status="PASS">
          <params>
            <param index="0">
              <value>
                <![CDATA[edge]]>
              </value>
            </param>
          </params>
          <reporter-output>
          </reporter-output>
        </test-method> <!-- initBrowser -->
        <test-method signature="viewDetailsAProduct_checkProduct()[pri:0, instance:automation.testsuite.MayRuaChenBat_Test@6c779568]" started-at="2025-09-20T14:22:31 GMT+07:00" name="viewDetailsAProduct_checkProduct" finished-at="2025-09-20T14:22:32 GMT+07:00" duration-ms="837" status="PASS">
          <reporter-output>
          </reporter-output>
        </test-method> <!-- viewDetailsAProduct_checkProduct -->
        <test-method is-config="true" signature="endBrowser()[pri:0, instance:automation.testsuite.MayRuaChenBat_Test@6c779568]" started-at="2025-09-20T14:22:32 GMT+07:00" name="endBrowser" finished-at="2025-09-20T14:22:33 GMT+07:00" duration-ms="200" status="PASS">
          <reporter-output>
          </reporter-output>
        </test-method> <!-- endBrowser -->
      </class> <!-- automation.testsuite.MayRuaChenBat_Test -->
      <class name="automation.testsuite.MayRuaChenBatDetails_Test">
        <test-method is-config="true" signature="initProcess(java.lang.String)[pri:0, instance:automation.testsuite.MayRuaChenBatDetails_Test@f381794]" started-at="2025-09-20T14:22:33 GMT+07:00" name="initProcess" finished-at="2025-09-20T14:22:41 GMT+07:00" duration-ms="8741" status="PASS">
          <params>
            <param index="0">
              <value>
                <![CDATA[edge]]>
              </value>
            </param>
          </params>
          <reporter-output>
          </reporter-output>
        </test-method> <!-- initProcess -->
        <test-method signature="buyInstallment_Failed_With_Empty_Address()[pri:0, instance:automation.testsuite.MayRuaChenBatDetails_Test@f381794]" started-at="2025-09-20T14:22:41 GMT+07:00" name="buyInstallment_Failed_With_Empty_Address" finished-at="2025-09-20T14:22:42 GMT+07:00" duration-ms="793" status="PASS">
[...]
          <params>
            <param index="0">
              <value>
                <![CDATA[firefox]]>
              </value>
            </param>
          </params>
          <reporter-output>
          </reporter-output>
        </test-method> <!-- initBrowser -->
        <test-method signature="searchByQuantity_checkItemInList()[pri:0, instance:automation.testsuite.MayRuaChenBat_Test@2e1d27ba]" started-at="2025-09-20T14:30:00 GMT+07:00" name="searchByQuantity_checkItemInList" finished-at="2025-09-20T14:30:00 GMT+07:00" duration-ms="220" status="FAIL">
          <exception class="org.openqa.selenium.NoSuchElementException">
            <message>
              <![CDATA[Unable to locate element: //a[contains(@href, 'bosch-sps4emi60e')]
For documentation on this error, please visit: https://www.selenium.dev/documentation/webdriver/troubleshooting/errors#no-such-element-exception
Build info: version: '4.33.0', revision: '2c6aaad03a'
System info: os.name: 'Windows 11', os.arch: 'amd64', os.version: '10.0', java.version: '23.0.2'
Driver info: org.openqa.selenium.firefox.FirefoxDriver
Command: [5e6960ef-aa21-462c-95d6-798bda24894c, findElement {value=//a[contains(@href, 'bosch-sps4emi60e')], using=xpath}]
Capabilities {acceptInsecureCerts: true, browserName: firefox, browserVersion: 142.0.1, moz:accessibilityChecks: false, moz:buildID: 20250827004350, moz:geckodriverVersion: 0.36.0, moz:headless: true, moz:platformVersion: 10.0, moz:processID: 21108, moz:profile: C:\Users\Admin\AppData\Loca..., moz:shutdownTimeout: 60000, moz:webdriverClick: true, moz:windowless: false, pageLoadStrategy: normal, platformName: windows, proxy: Proxy(), setWindowRect: true, strictFileInteractability: false, timeouts: {implicit: 0, pageLoad: 300000, script: 30000}, unhandledPromptBehavior: dismiss and notify, userAgent: Mozilla/5.0 (Windows NT 10....}
Session ID: 5e6960ef-aa21-462c-95d6-798bda24894c]]>
            </message>
            <full-stacktrace>
              <![CDATA[org.openqa.selenium.NoSuchElementException: Unable to locate element: //a[contains(@href, 'bosch-sps4emi60e')]
For documentation on this error, please visit: https://www.selenium.dev/documentation/webdriver/troubleshooting/errors#no-such-element-exception
Build info: version: '4.33.0', revision: '2c6aaad03a'
System info: os.name: 'Windows 11', os.arch: 'amd64', os.version: '10.0', java.version: '23.0.2'
Driver info: org.openqa.selenium.firefox.FirefoxDriver
Command: [5e6960ef-aa21-462c-95d6-798bda24894c, findElement {value=//a[contains(@href, 'bosch-sps4emi60e')], using=xpath}]
Capabilities {acceptInsecureCerts: true, browserName: firefox, browserVersion: 142.0.1, moz:accessibilityChecks: false, moz:buildID: 20250827004350, moz:geckodriverVersion: 0.36.0, moz:headless: true, moz:platformVersion: 10.0, moz:processID: 21108, moz:profile: C:\Users\Admin\AppData\Loca..., moz:shutdownTimeout: 60000, moz:webdriverClick: true, moz:windowless: false, pageLoadStrategy: normal, platformName: windows, proxy: Proxy(), setWindowRect: true, strictFileInteractability: false, timeouts: {implicit: 0, pageLoad: 300000, script: 30000}, unhandledPromptBehavior: dismiss and notify, userAgent: Mozilla/5.0 (Windows NT 10....}
Session ID: 5e6960ef-aa21-462c-95d6-798bda24894c
at java.base/jdk.internal.reflect.DirectConstructorHandleAccessor.newInstance(DirectConstructorHandleAccessor.java:62)
at java.base/java.lang.reflect.Constructor.newInstanceWithCaller(Constructor.java:501)
at java.base/java.lang.reflect.Constructor.newInstance(Constructor.java:485)
at org.openqa.selenium.remote.ErrorCodec.decode(ErrorCodec.java:167)
at org.openqa.selenium.remote.codec.w3c.W3CHttpResponseCodec.decode(W3CHttpResponseCodec.java:138)
at org.openqa.selenium.remote.codec.w3c.W3CHttpResponseCodec.decode(W3CHttpResponseCodec.java:50)
at org.openqa.selenium.remote.HttpCommandExecutor.execute(HttpCommandExecutor.java:215)
at org.openqa.selenium.remote.service.DriverCommandExecutor.invokeExecute(DriverCommandExecutor.java:216)
at org.openqa.selenium.remote.service.DriverCommandExecutor.execute(DriverCommandExecutor.java:174)
at org.openqa.selenium.remote.RemoteWebDriver.execute(RemoteWebDriver.java:544)
at org.openqa.selenium.remote.ElementLocation$ElementFinder$2.findElement(ElementLocation.java:165)
at org.openqa.selenium.remote.ElementLocation.findElement(ElementLocation.java:59)
at org.openqa.selenium.remote.RemoteWebDriver.findElement(RemoteWebDriver.java:367)
at org.openqa.selenium.remote.RemoteWebDriver.findElement(RemoteWebDriver.java:361)
at automation.common.CommonBase.clickByJS(CommonBase.java:150)
at automation.testsuite.MayRuaChenBat_Test.searchByQuantity_checkItemInList(MayRuaChenBat_Test.java:68)
at java.base/jdk.internal.reflect.DirectMethodHandleAccessor.invoke(DirectMethodHandleAccessor.java:103)
at java.base/java.lang.reflect.Method.invoke(Method.java:580)
at org.testng.internal.invokers.MethodInvocationHelper.invokeMethod(MethodInvocationHelper.java:141)
at org.testng.internal.invokers.TestInvoker.invokeMethod(TestInvoker.java:687)
at org.testng.internal.invokers.TestInvoker.invokeTestMethod(TestInvoker.java:230)
at org.testng.internal.invokers.MethodRunner.runInSequence(MethodRunner.java:63)
at org.testng.internal.invokers.TestInvoker$MethodInvocationAgent.invoke(TestInvoker.java:995)
at org.testng.internal.invokers.TestInvoker.invokeTestMethods(TestInvoker.java:203)
at org.testng.internal.invokers.TestMethodWorker.invokeTestMethods(TestMethodWorker.java:154)
at org.testng.internal.invokers.TestMethodWorker.run(TestMethodWorker.java:134)
at java.base/java.util.ArrayList.forEach(ArrayList.java:1597)
at org.testng.TestRunner.privateRun(TestRunner.java:741)
at org.testng.TestRunner.run(TestRunner.java:616)
at org.testng.SuiteRunner.runTest(SuiteRunner.java:421)
at org.testng.SuiteRunner.runSequentially(SuiteRunner.java:413)
at org.testng.SuiteRunner.privateRun(SuiteRunner.java:373)
at org.testng.SuiteRunner.run(SuiteRunner.java:312)
at org.testng.SuiteRunnerWorker.runSuite(SuiteRunnerWorker.java:52)
at org.testng.SuiteRunnerWorker.run(SuiteRunnerWorker.java:95)
at org.testng.TestNG.runSuitesSequentially(TestNG.java:1274)
at org.testng.TestNG.runSuitesLocally(TestNG.java:1208)
at org.testng.TestNG.runSuites(TestNG.java:1112)
at org.testng.TestNG.run(TestNG.java:1079)
at org.testng.remote.AbstractRemoteTestNG.run(AbstractRemoteTestNG.java:115)
at org.testng.remote.RemoteTestNG.initAndRun(RemoteTestNG.java:293)
at org.testng.remote.RemoteTestNG.main(RemoteTestNG.java:91)
]]>
            </full-stacktrace>
          </exception> <!-- org.openqa.selenium.NoSuchElementException -->
          <reporter-output>
          </reporter-output>
        </test-method> <!-- searchByQuantity_checkItemInList -->
        <test-method is-config="true" signature="endBrowser()[pri:0, instance:automation.testsuite.MayRuaChenBat_Test@2e1d27ba]" started-at="2025-09-20T14:30:00 GMT+07:00" name="endBrowser" finished-at="2025-09-20T14:30:01 GMT+07:00" duration-ms="1174" status="PASS">
          <reporter-output>
          </reporter-output>
        </test-method> <!-- endBrowser -->
        <test-method is-config="true" signature="initBrowser(java.lang.String)[pri:0, instance:automation.testsuite.MayRuaChenBat_Test@2e1d27ba]" started-at="2025-09-20T14:30:01 GMT+07:00" name="initBrowser" finished-at="2025-09-20T14:30:17 GMT+07:00" duration-ms="16502" status="PASS">
          <params>
            <param index="0">
              <value>
                <![CDATA[firefox]]>
              </value>
            </param>
          </params>
          <reporter-output>
          </reporter-output>
        </test-method> <!-- initBrowser -->
        <test-method signature="viewDetailsAProduct_checkProduct()[pri:0, instance:automation.testsuite.MayRuaChenBat_Test@2e1d27ba]" started-at="2025-09-20T14:30:17 GMT+07:00" name="viewDetailsAProduct_checkProduct" finished-at="2025-09-20T14:30:20 GMT+07:00" duration-ms="2232" status="PASS">
          <reporter-output>
          </reporter-output>
        </test-method> <!-- viewDetailsAProduct_checkProduct -->
        <test-method is-config="true" signature="endBrowser()[pri:0, instance:automation.testsuite.MayRuaChenBat_Test@2e1d27ba]" started-at="2025-09-20T14:30:20 GMT+07:00" name="endBrowser" finished-at="2025-09-20T14:30:21 GMT+07:00" duration-ms="1204" status="PASS">
          <reporter-output>
          </reporter-output>
        </test-method> <!-- endBrowser -->
      </class> <!-- automation.testsuite.MayRuaChenBat_Test -->
      <class name="automation.testsuite.MayRuaChenBatDetails_Test">
        <test-method is-config="true" signature="initProcess(java.lang.String)[pri:0, instance:automation.testsuite.MayRuaChenBatDetails_Test@61d6015a]" started-at="2025-09-20T14:30:21 GMT+07:00" name="initProcess" finished-at="2025-09-20T14:30:36 GMT+07:00" duration-ms="14666" status="PASS">
          <params>
            <param index="0">
              <value>
                <![CDATA[firefox]]>
              </value>
            </param>
          </params>
          <reporter-output>
          </reporter-output>
        </test-method> <!-- initProcess -->
        <test-method signature="buyInstallment_Failed_With_Empty_Address()[pri:0, instance:automation.testsuite.MayRuaChenBatDetails_Test@61d6015a]" started-at="2025-09-20T14:30:36 GMT+07:00" name="buyInstallment_Failed_With_Empty_Address" finished-at="2025-09-20T14:30:36 GMT+07:00" duration-ms="414" status="PASS">
          <reporter-output>
          </reporter-output>
        </test-method> <!-- buyInstallment_Failed_With_Empty_Address -->
        <test-method is-config="true" signature="endProcess()[pri:0, instance:automation.testsuite.MayRuaChenBatDetails_Test@61d6015a]" started-at="2025-09-20T14:30:36 GMT+07:00" name="endProcess" finished-at="2025-09-20T14:30:37 GMT+07:00" duration-ms="1181" status="PASS">
          <reporter-output>
          </reporter-output>
        </test-method> <!-- endProcess -->
        <test-method is-config="true" signature="initProcess(java.lang.String)[pri:0, instance:automation.testsuite.MayRuaChenBatDetails_Test@61d6015a]" started-at="2025-09-20T14:30:37 GMT+07:00" name="initProcess" finished-at="2025-09-20T14:30:53 GMT+07:00" duration-ms="16105" status="PASS">
          <params>
            <param index="0">
              <value>
                <![CDATA[firefox]]>
              </value>
            </param>
          </params>
          <reporter-output>
          </reporter-output>
        </test-method> <!-- initProcess -->
        <test-method signature="buyInstallment_Failed_With_Empty_Name()[pri:0, instance:automation.testsuite.MayRuaChenBatDetails_Test@61d6015a]" started-at="2025-09-20T14:30:53 GMT+07:00" name="buyInstallment_Failed_With_Empty_Name" finished-at="2025-09-20T14:30:54 GMT+07:00" duration-ms="375" status="PASS">
          <reporter-output>
          </reporter-output>
        </test-method> <!-- buyInstallment_Failed_With_Empty_Name -->
        <test-method is-config="true" signature="endProcess()[pri:0, instance:automation.testsuite.MayRuaChenBatDetails_Test@61d6015a]" started-at="2025-09-20T14:30:54 GMT+07:00" name="endProcess" finished-at="2025-09-20T14:30:55 GMT+07:00" duration-ms="1167" status="PASS">
          <reporter-output>
          </reporter-output>
        </test-method> <!-- endProcess -->
        <test-method is-config="true" signature="initProcess(java.lang.String)[pri:0, instance:automation.testsuite.MayRuaChenBatDetails_Test@61d6015a]" started-at="2025-09-20T14:30:55 GMT+07:00" name="initProcess" finished-at="2025-09-20T14:31:07 GMT+07:00" duration-ms="12227" status="PASS">
          <params>
            <param index="0">
              <value>
                <![CDATA[firefox]]>
              </value>
            </param>
          </params>
          <reporter-output>
          </reporter-output>
        </test-method> <!-- initProcess -->
        <test-method signature="buyInstallment_Failed_With_Empty_Phone()[pri:0, instance:automation.testsuite.MayRuaChenBatDetails_Test@61d6015a]" started-at="2025-09-20T14:31:07 GMT+07:00" name="buyInstallment_Failed_With_Empty_Phone" finished-at="2025-09-20T14:31:07 GMT+07:00" duration-ms="399" status="PASS">
          <reporter-output>
          </reporter-output>
        </test-method> <!-- buyInstallment_Failed_With_Empty_Phone -->
        <test-method is-config="true" signature="endProcess()[pri:0, instance:automation.testsuite.MayRuaChenBatDetails_Test@61d6015a]" started-at="2025-09-20T14:31:07 GMT+07:00" name="endProcess" finished-at="2025-09-20T14:31:09 GMT+07:00" duration-ms="1275" status="PASS">
          <reporter-output>
          </reporter-output>
        </test-method> <!-- endProcess -->
        <test-method is-config="true" signature="initProcess(java.lang.String)[pri:0, instance:automation.testsuite.MayRuaChenBatDetails_Test@61d6015a]" started-at="2025-09-20T14:31:09 GMT+07:00" name="initProcess" finished-at="2025-09-20T14:31:28 GMT+07:00" duration-ms="19747" status="PASS">
          <params>
            <param index="0">
              <value>
                <![CDATA[firefox]]>
              </value>
            </param>
          </params>
          <reporter-output>
          </reporter-output>
        </test-method> <!-- initProcess -->
        <test-method signature="checkBuyInstallments_openPopup()[pri:0, instance:automation.testsuite.MayRuaChenBatDetails_Test@61d6015a]" started-at="2025-09-20T14:31:28 GMT+07:00" name="checkBuyInstallments_openPopup" finished-at="2025-09-20T14:31:29 GMT+07:00" duration-ms="91" status="PASS">
          <reporter-output>
          </reporter-output>
        </test-method> <!-- checkBuyInstallments_openPopup -->
        <test-method is-config="true" signature="endProcess()[pri:0, instance:automation.testsuite.MayRuaChenBatDetails_Test@61d6015a]" started-at="2025-09-20T14:31:29 GMT+07:00" name="endProcess" finished-at="2025-09-20T14:31:30 GMT+07:00" duration-ms="1260" status="PASS">
          <reporter-output>
          </reporter-output>
        </test-method> <!-- endProcess -->
        <test-method is-config="true" signature="initProcess(java.lang.String)[pri:0, instance:automation.testsuite.MayRuaChenBatDetails_Test@61d6015a]" started-at="2025-09-20T14:31:30 GMT+07:00" name="initProcess" finished-at="2025-09-20T14:31:44 GMT+07:00" duration-ms="14047" status="PASS">
          <params>
            <param index="0">
              <value>
                <![CDATA[firefox]]>
              </value>
            </param>
          </params>
          <reporter-output>
          </reporter-output>
        </test-method> <!-- initProcess -->
        <test-method signature="checkSurveyInDetails_openPopup()[pri:0, instance:automation.testsuite.MayRuaChenBatDetails_Test@61d6015a]" started-at="2025-09-20T14:31:44 GMT+07:00" name="checkSurveyInDetails_openPopup" finished-at="2025-09-20T14:31:44 GMT+07:00" duration-ms="159" status="PASS">
          <reporter-output>
          </reporter-output>
        </test-method> <!-- checkSurveyInDetails_openPopup -->
        <test-method is-config="true" signature="endProcess()[pri:0, instance:automation.testsuite.MayRuaChenBatDetails_Test@61d6015a]" started-at="2025-09-20T14:31:44 GMT+07:00" name="endProcess" finished-at="2025-09-20T14:31:45 GMT+07:00" duration-ms="1168" status="PASS">
          <reporter-output>
          </reporter-output>
        </test-method> <!-- endProcess -->
        <test-method is-config="true" signature="initProcess(java.lang.String)[pri:0, instance:automation.testsuite.MayRuaChenBatDetails_Test@61d6015a]" started-at="2025-09-20T14:31:45 GMT+07:00" name="initProcess" finished-at="2025-09-20T14:32:00 GMT+07:00" duration-ms="15086" status="PASS">
          <params>
            <param index="0">
              <value>
                <![CDATA[firefox]]>
              </value>
            </param>
          </params>
          <reporter-output>
          </reporter-output>
        </test-method> <!-- initProcess -->
        <test-method signature="receiveConsult_Failed_With_Empty_Address()[pri:0, instance:automation.testsuite.MayRuaChenBatDetails_Test@61d6015a]" started-at="2025-09-20T14:32:00 GMT+07:00" name="receiveConsult_Failed_With_Empty_Address" finished-at="2025-09-20T14:32:01 GMT+07:00" duration-ms="348" status="PASS">
          <reporter-output>
          </reporter-output>
        </test-method> <!-- receiveConsult_Failed_With_Empty_Address -->
        <test-method is-config="true" signature="endProcess()[pri:0, instance:automation.testsuite.MayRuaChenBatDetails_Test@61d6015a]" started-at="2025-09-20T14:32:01 GMT+07:00" name="endProcess" finished-at="2025-09-20T14:32:02 GMT+07:00" duration-ms="1111" status="PASS">
          <reporter-output>
          </reporter-output>
        </test-method> <!-- endProcess -->
        <test-method is-config="true" signature="initProcess(java.lang.String)[pri:0, instance:automation.testsuite.MayRuaChenBatDetails_Test@61d6015a]" started-at="2025-09-20T14:32:02 GMT+07:00" name="initProcess" finished-at="2025-09-20T14:32:12 GMT+07:00" duration-ms="10339" status="PASS">
          <params>
            <param index="0">
              <value>
                <![CDATA[firefox]]>
              </value>
            </param>
          </params>
          <reporter-output>
          </reporter-output>
        </test-method> <!-- initProcess -->
        <test-method signature="receiveConsult_Failed_With_Empty_Name()[pri:0, instance:automation.testsuite.MayRuaChenBatDetails_Test@61d6015a]" started-at="2025-09-20T14:32:12 GMT+07:00" name="receiveConsult_Failed_With_Empty_Name" finished-at="2025-09-20T14:32:12 GMT+07:00" duration-ms="334" status="PASS">
          <reporter-output>
          </reporter-output>
        </test-method> <!-- receiveConsult_Failed_With_Empty_Name -->
        <test-method is-config="true" signature="endProcess()[pri:0, instance:automation.testsuite.MayRuaChenBatDetails_Test@61d6015a]" started-at="2025-09-20T14:32:12 GMT+07:00" name="endProcess" finished-at="2025-09-20T14:32:14 GMT+07:00" duration-ms="1147" status="PASS">
          <reporter-output>
          </reporter-output>
        </test-method> <!-- endProcess -->
        <test-method is-config="true" signature="initProcess(java.lang.String)[pri:0, instance:automation.testsuite.MayRuaChenBatDetails_Test@61d6015a]" started-at="2025-09-20T14:32:14 GMT+07:00" name="initProcess" finished-at="2025-09-20T14:32:34 GMT+07:00" duration-ms="20309" status="PASS">
          <params>
            <param index="0">
              <value>
                <![CDATA[firefox]]>
              </value>
            </param>
          </params>
          <reporter-output>
          </reporter-output>
        </test-method> <!-- initProcess -->
        <test-method signature="receiveConsult_Failed_With_Empty_Phone()[pri:0, instance:automation.testsuite.MayRuaChenBatDetails_Test@61d6015a]" started-at="2025-09-20T14:32:34 GMT+07:00" name="receiveConsult_Failed_With_Empty_Phone" finished-at="2025-09-20T14:32:34 GMT+07:00" duration-ms="408" status="PASS">
          <reporter-output>
          </reporter-output>
        </test-method> <!-- receiveConsult_Failed_With_Empty_Phone -->
        <test-method is-config="true" signature="endProcess()[pri:0, instance:automation.testsuite.MayRuaChenBatDetails_Test@61d6015a]" started-at="2025-09-20T14:32:34 GMT+07:00" name="endProcess" finished-at="2025-09-20T14:32:35 GMT+07:00" duration-ms="1186" status="PASS">
          <reporter-output>
          </reporter-output>
        </test-method> <!-- endProcess -->
      </class> <!-- automation.testsuite.MayRuaChenBatDetails_Test -->
    </test> <!-- Regression Test on Firefox -->
  </suite> <!-- TestSuite -->
</testng-results>
